mode: set
github.com/pders01/fwrd/internal/feed/fetcher.go:20.28,26.2 1 1
github.com/pders01/fwrd/internal/feed/fetcher.go:28.75,30.16 2 1
github.com/pders01/fwrd/internal/feed/fetcher.go:30.16,32.3 1 0
github.com/pders01/fwrd/internal/feed/fetcher.go:34.2,37.21 3 1
github.com/pders01/fwrd/internal/feed/fetcher.go:37.21,39.3 1 1
github.com/pders01/fwrd/internal/feed/fetcher.go:41.2,41.29 1 1
github.com/pders01/fwrd/internal/feed/fetcher.go:41.29,43.3 1 1
github.com/pders01/fwrd/internal/feed/fetcher.go:45.2,46.16 2 1
github.com/pders01/fwrd/internal/feed/fetcher.go:46.16,48.3 1 0
github.com/pders01/fwrd/internal/feed/fetcher.go:50.2,50.47 1 1
github.com/pders01/fwrd/internal/feed/fetcher.go:50.47,53.3 2 1
github.com/pders01/fwrd/internal/feed/fetcher.go:55.2,55.28 1 1
github.com/pders01/fwrd/internal/feed/fetcher.go:55.28,58.3 2 1
github.com/pders01/fwrd/internal/feed/fetcher.go:60.2,60.24 1 1
github.com/pders01/fwrd/internal/feed/fetcher.go:63.79,64.49 1 1
github.com/pders01/fwrd/internal/feed/fetcher.go:64.49,66.3 1 1
github.com/pders01/fwrd/internal/feed/fetcher.go:68.2,68.64 1 1
github.com/pders01/fwrd/internal/feed/fetcher.go:68.64,70.3 1 1
github.com/pders01/fwrd/internal/feed/fetcher.go:72.2,72.31 1 1
github.com/pders01/fwrd/internal/feed/fetcher.go:75.68,76.68 1 1
github.com/pders01/fwrd/internal/feed/fetcher.go:76.68,77.71 1 1
github.com/pders01/fwrd/internal/feed/fetcher.go:77.71,79.4 1 1
github.com/pders01/fwrd/internal/feed/fetcher.go:81.2,81.25 1 1
github.com/pders01/fwrd/internal/feed/manager.go:21.48,27.2 1 0
github.com/pders01/fwrd/internal/feed/manager.go:29.62,43.16 7 0
github.com/pders01/fwrd/internal/feed/manager.go:43.16,45.3 1 0
github.com/pders01/fwrd/internal/feed/manager.go:47.2,47.29 1 0
github.com/pders01/fwrd/internal/feed/manager.go:47.29,49.3 1 0
github.com/pders01/fwrd/internal/feed/manager.go:51.2,54.16 3 0
github.com/pders01/fwrd/internal/feed/manager.go:54.16,56.3 1 0
github.com/pders01/fwrd/internal/feed/manager.go:58.2,59.16 2 0
github.com/pders01/fwrd/internal/feed/manager.go:59.16,61.3 1 0
github.com/pders01/fwrd/internal/feed/manager.go:63.2,63.23 1 0
github.com/pders01/fwrd/internal/feed/manager.go:63.23,65.3 1 0
github.com/pders01/fwrd/internal/feed/manager.go:67.2,69.47 2 0
github.com/pders01/fwrd/internal/feed/manager.go:69.47,71.3 1 0
github.com/pders01/fwrd/internal/feed/manager.go:73.2,73.55 1 0
github.com/pders01/fwrd/internal/feed/manager.go:73.55,75.3 1 0
github.com/pders01/fwrd/internal/feed/manager.go:77.2,77.18 1 0
github.com/pders01/fwrd/internal/feed/manager.go:80.52,85.16 4 0
github.com/pders01/fwrd/internal/feed/manager.go:85.16,87.3 1 0
github.com/pders01/fwrd/internal/feed/manager.go:89.2,89.50 1 0
github.com/pders01/fwrd/internal/feed/manager.go:89.50,91.3 1 0
github.com/pders01/fwrd/internal/feed/manager.go:93.2,94.16 2 0
github.com/pders01/fwrd/internal/feed/manager.go:94.16,96.3 1 0
github.com/pders01/fwrd/internal/feed/manager.go:98.2,98.29 1 0
github.com/pders01/fwrd/internal/feed/manager.go:98.29,102.3 3 0
github.com/pders01/fwrd/internal/feed/manager.go:104.2,107.16 3 0
github.com/pders01/fwrd/internal/feed/manager.go:107.16,109.3 1 0
github.com/pders01/fwrd/internal/feed/manager.go:111.2,112.16 2 0
github.com/pders01/fwrd/internal/feed/manager.go:112.16,114.3 1 0
github.com/pders01/fwrd/internal/feed/manager.go:116.2,119.47 3 0
github.com/pders01/fwrd/internal/feed/manager.go:119.47,121.3 1 0
github.com/pders01/fwrd/internal/feed/manager.go:123.2,123.55 1 0
github.com/pders01/fwrd/internal/feed/manager.go:123.55,125.3 1 0
github.com/pders01/fwrd/internal/feed/manager.go:127.2,127.12 1 0
github.com/pders01/fwrd/internal/feed/manager.go:130.43,132.16 2 0
github.com/pders01/fwrd/internal/feed/manager.go:132.16,134.3 1 0
github.com/pders01/fwrd/internal/feed/manager.go:136.2,139.29 3 0
github.com/pders01/fwrd/internal/feed/manager.go:139.29,141.28 2 0
github.com/pders01/fwrd/internal/feed/manager.go:141.28,143.46 2 0
github.com/pders01/fwrd/internal/feed/manager.go:143.46,145.5 1 0
github.com/pders01/fwrd/internal/feed/manager.go:149.2,153.27 4 0
github.com/pders01/fwrd/internal/feed/manager.go:153.27,155.3 1 0
github.com/pders01/fwrd/internal/feed/manager.go:157.2,157.19 1 0
github.com/pders01/fwrd/internal/feed/manager.go:157.19,159.3 1 0
github.com/pders01/fwrd/internal/feed/manager.go:161.2,161.12 1 0
github.com/pders01/fwrd/internal/feed/manager.go:164.38,166.79 2 0
github.com/pders01/fwrd/internal/feed/manager.go:166.79,168.3 1 0
github.com/pders01/fwrd/internal/feed/manager.go:169.2,169.12 1 0
github.com/pders01/fwrd/internal/feed/manager.go:172.40,174.2 1 0
github.com/pders01/fwrd/internal/feed/manager.go:176.71,177.48 1 0
github.com/pders01/fwrd/internal/feed/manager.go:177.48,179.22 2 0
github.com/pders01/fwrd/internal/feed/manager.go:179.22,181.4 1 0
github.com/pders01/fwrd/internal/feed/manager.go:183.2,183.23 1 0
github.com/pders01/fwrd/internal/feed/parser.go:19.26,23.2 1 1
github.com/pders01/fwrd/internal/feed/parser.go:25.85,27.16 2 1
github.com/pders01/fwrd/internal/feed/parser.go:27.16,29.3 1 1
github.com/pders01/fwrd/internal/feed/parser.go:31.2,32.34 2 1
github.com/pders01/fwrd/internal/feed/parser.go:32.34,43.34 2 1
github.com/pders01/fwrd/internal/feed/parser.go:43.34,45.4 1 1
github.com/pders01/fwrd/internal/feed/parser.go:47.3,47.32 1 1
github.com/pders01/fwrd/internal/feed/parser.go:47.32,49.4 1 1
github.com/pders01/fwrd/internal/feed/parser.go:51.3,51.39 1 1
github.com/pders01/fwrd/internal/feed/parser.go:54.2,54.22 1 1
github.com/pders01/fwrd/internal/feed/parser.go:57.43,58.24 1 1
github.com/pders01/fwrd/internal/feed/parser.go:58.24,60.3 1 1
github.com/pders01/fwrd/internal/feed/parser.go:61.2,61.25 1 1
github.com/pders01/fwrd/internal/feed/parser.go:64.51,67.44 2 1
github.com/pders01/fwrd/internal/feed/parser.go:67.44,68.26 1 1
github.com/pders01/fwrd/internal/feed/parser.go:68.26,70.4 1 1
github.com/pders01/fwrd/internal/feed/parser.go:73.2,73.47 1 1
github.com/pders01/fwrd/internal/feed/parser.go:73.47,75.3 1 1
github.com/pders01/fwrd/internal/feed/parser.go:77.2,78.49 2 1
github.com/pders01/fwrd/internal/feed/parser.go:78.49,80.3 1 1
github.com/pders01/fwrd/internal/feed/parser.go:82.2,82.28 1 1
github.com/pders01/fwrd/internal/feed/parser.go:85.44,89.65 3 1
github.com/pders01/fwrd/internal/feed/parser.go:89.65,90.21 1 1
github.com/pders01/fwrd/internal/feed/parser.go:90.21,92.4 1 1
github.com/pders01/fwrd/internal/feed/parser.go:95.2,96.67 2 1
github.com/pders01/fwrd/internal/feed/parser.go:96.67,97.21 1 1
github.com/pders01/fwrd/internal/feed/parser.go:97.21,99.4 1 1
github.com/pders01/fwrd/internal/feed/parser.go:102.2,102.13 1 1
github.com/pders01/fwrd/internal/feed/parser.go:105.45,106.16 1 1
github.com/pders01/fwrd/internal/feed/parser.go:106.16,108.3 1 1
github.com/pders01/fwrd/internal/feed/parser.go:109.2,109.60 1 1
github.com/pders01/fwrd/internal/feed/parser.go:112.44,115.25 3 1
github.com/pders01/fwrd/internal/feed/parser.go:115.25,116.15 1 1
github.com/pders01/fwrd/internal/feed/parser.go:116.15,119.4 2 1
github.com/pders01/fwrd/internal/feed/parser.go:121.2,121.15 1 1
github.com/pders01/fwrd/cmd/rss/main.go:16.13,24.14 3 0
github.com/pders01/fwrd/cmd/rss/main.go:24.14,29.3 4 0
github.com/pders01/fwrd/cmd/rss/main.go:31.2,31.13 1 0
github.com/pders01/fwrd/cmd/rss/main.go:31.13,33.3 1 0
github.com/pders01/fwrd/cmd/rss/main.go:35.2,35.19 1 0
github.com/pders01/fwrd/cmd/rss/main.go:35.19,37.17 2 0
github.com/pders01/fwrd/cmd/rss/main.go:37.17,39.4 1 0
github.com/pders01/fwrd/cmd/rss/main.go:40.3,40.44 1 0
github.com/pders01/fwrd/cmd/rss/main.go:43.2,44.16 2 0
github.com/pders01/fwrd/cmd/rss/main.go:44.16,46.3 1 0
github.com/pders01/fwrd/cmd/rss/main.go:47.2,52.35 4 0
github.com/pders01/fwrd/cmd/rss/main.go:52.35,55.3 2 0
github.com/pders01/fwrd/cmd/rss/main.go:58.19,81.2 6 0
github.com/pders01/fwrd/internal/tui/app.go:20.24,21.11 1 0
github.com/pders01/fwrd/internal/tui/app.go:21.11,23.3 1 0
github.com/pders01/fwrd/internal/tui/app.go:24.2,24.10 1 0
github.com/pders01/fwrd/internal/tui/app.go:51.40,90.2 19 0
github.com/pders01/fwrd/internal/tui/app.go:92.30,97.2 1 0
github.com/pders01/fwrd/internal/tui/app.go:99.56,102.27 2 0
github.com/pders01/fwrd/internal/tui/app.go:103.25,110.37 7 0
github.com/pders01/fwrd/internal/tui/app.go:112.18,114.53 1 0
github.com/pders01/fwrd/internal/tui/app.go:114.53,116.29 1 0
github.com/pders01/fwrd/internal/tui/app.go:116.29,119.5 2 0
github.com/pders01/fwrd/internal/tui/app.go:120.4,120.32 1 0
github.com/pders01/fwrd/internal/tui/app.go:120.32,122.5 1 0
github.com/pders01/fwrd/internal/tui/app.go:124.4,124.9 1 0
github.com/pders01/fwrd/internal/tui/app.go:127.3,127.54 1 0
github.com/pders01/fwrd/internal/tui/app.go:127.54,129.29 1 0
github.com/pders01/fwrd/internal/tui/app.go:129.29,133.5 3 0
github.com/pders01/fwrd/internal/tui/app.go:134.4,134.32 1 0
github.com/pders01/fwrd/internal/tui/app.go:134.32,136.5 1 0
github.com/pders01/fwrd/internal/tui/app.go:138.4,138.9 1 0
github.com/pders01/fwrd/internal/tui/app.go:142.3,142.23 1 0
github.com/pders01/fwrd/internal/tui/app.go:143.22,144.22 1 0
github.com/pders01/fwrd/internal/tui/app.go:145.14,146.29 1 0
github.com/pders01/fwrd/internal/tui/app.go:146.29,149.5 2 0
github.com/pders01/fwrd/internal/tui/app.go:149.10,149.42 1 0
github.com/pders01/fwrd/internal/tui/app.go:149.42,153.5 3 0
github.com/pders01/fwrd/internal/tui/app.go:153.10,153.35 1 0
github.com/pders01/fwrd/internal/tui/app.go:153.35,157.5 3 0
github.com/pders01/fwrd/internal/tui/app.go:157.10,157.37 1 0
github.com/pders01/fwrd/internal/tui/app.go:157.37,160.5 2 0
github.com/pders01/fwrd/internal/tui/app.go:160.10,160.35 1 0
github.com/pders01/fwrd/internal/tui/app.go:160.35,163.5 2 0
github.com/pders01/fwrd/internal/tui/app.go:164.12,165.27 1 0
github.com/pders01/fwrd/internal/tui/app.go:165.27,169.5 3 0
github.com/pders01/fwrd/internal/tui/app.go:170.12,171.27 1 0
github.com/pders01/fwrd/internal/tui/app.go:171.27,173.5 1 0
github.com/pders01/fwrd/internal/tui/app.go:174.12,175.27 1 0
github.com/pders01/fwrd/internal/tui/app.go:175.27,180.5 4 0
github.com/pders01/fwrd/internal/tui/app.go:181.12,182.47 1 0
github.com/pders01/fwrd/internal/tui/app.go:182.47,183.58 1 0
github.com/pders01/fwrd/internal/tui/app.go:183.58,187.6 3 0
github.com/pders01/fwrd/internal/tui/app.go:189.16,190.18 1 0
github.com/pders01/fwrd/internal/tui/app.go:191.19,192.58 1 0
github.com/pders01/fwrd/internal/tui/app.go:192.58,196.6 3 0
github.com/pders01/fwrd/internal/tui/app.go:197.22,198.64 1 0
github.com/pders01/fwrd/internal/tui/app.go:198.64,202.6 3 0
github.com/pders01/fwrd/internal/tui/app.go:203.21,205.18 2 0
github.com/pders01/fwrd/internal/tui/app.go:205.18,207.6 1 0
github.com/pders01/fwrd/internal/tui/app.go:208.27,210.30 1 0
github.com/pders01/fwrd/internal/tui/app.go:210.30,212.6 1 0
github.com/pders01/fwrd/internal/tui/app.go:213.20,214.68 1 0
github.com/pders01/fwrd/internal/tui/app.go:214.68,215.21 1 0
github.com/pders01/fwrd/internal/tui/app.go:215.21,221.7 4 0
github.com/pders01/fwrd/internal/tui/app.go:221.12,226.7 3 0
github.com/pders01/fwrd/internal/tui/app.go:229.12,230.55 1 0
github.com/pders01/fwrd/internal/tui/app.go:230.55,231.44 1 0
github.com/pders01/fwrd/internal/tui/app.go:231.44,233.6 1 0
github.com/pders01/fwrd/internal/tui/app.go:233.11,233.42 1 0
github.com/pders01/fwrd/internal/tui/app.go:233.42,235.6 1 0
github.com/pders01/fwrd/internal/tui/app.go:236.10,236.37 1 0
github.com/pders01/fwrd/internal/tui/app.go:236.37,237.64 1 0
github.com/pders01/fwrd/internal/tui/app.go:237.64,238.29 1 0
github.com/pders01/fwrd/internal/tui/app.go:238.29,240.7 1 0
github.com/pders01/fwrd/internal/tui/app.go:243.4,243.17 1 0
github.com/pders01/fwrd/internal/tui/app.go:244.12,245.30 1 0
github.com/pders01/fwrd/internal/tui/app.go:245.30,246.64 1 0
github.com/pders01/fwrd/internal/tui/app.go:246.64,248.6 1 0
github.com/pders01/fwrd/internal/tui/app.go:250.4,250.17 1 0
github.com/pders01/fwrd/internal/tui/app.go:253.22,256.31 3 0
github.com/pders01/fwrd/internal/tui/app.go:256.31,258.4 1 0
github.com/pders01/fwrd/internal/tui/app.go:259.3,259.29 1 0
github.com/pders01/fwrd/internal/tui/app.go:261.25,264.36 3 0
github.com/pders01/fwrd/internal/tui/app.go:264.36,266.4 1 0
github.com/pders01/fwrd/internal/tui/app.go:267.3,267.32 1 0
github.com/pders01/fwrd/internal/tui/app.go:269.26,271.23 2 0
github.com/pders01/fwrd/internal/tui/app.go:273.20,274.21 1 0
github.com/pders01/fwrd/internal/tui/app.go:274.21,276.4 1 0
github.com/pders01/fwrd/internal/tui/app.go:276.9,279.4 2 0
github.com/pders01/fwrd/internal/tui/app.go:281.22,282.21 1 0
github.com/pders01/fwrd/internal/tui/app.go:282.21,284.4 1 0
github.com/pders01/fwrd/internal/tui/app.go:284.9,288.4 3 0
github.com/pders01/fwrd/internal/tui/app.go:290.24,293.38 3 0
github.com/pders01/fwrd/internal/tui/app.go:293.38,295.4 1 0
github.com/pders01/fwrd/internal/tui/app.go:296.3,296.31 1 0
github.com/pders01/fwrd/internal/tui/app.go:298.16,299.18 1 0
github.com/pders01/fwrd/internal/tui/app.go:302.2,302.16 1 0
github.com/pders01/fwrd/internal/tui/app.go:303.17,306.27 3 0
github.com/pders01/fwrd/internal/tui/app.go:307.20,310.27 3 0
github.com/pders01/fwrd/internal/tui/app.go:311.18,314.27 3 0
github.com/pders01/fwrd/internal/tui/app.go:315.19,318.27 3 0
github.com/pders01/fwrd/internal/tui/app.go:319.25,319.25 0 0
github.com/pders01/fwrd/internal/tui/app.go:321.18,333.48 8 0
github.com/pders01/fwrd/internal/tui/app.go:333.48,336.4 2 0
github.com/pders01/fwrd/internal/tui/app.go:339.2,339.30 1 0
github.com/pders01/fwrd/internal/tui/app.go:342.29,345.16 2 0
github.com/pders01/fwrd/internal/tui/app.go:346.17,347.24 1 0
github.com/pders01/fwrd/internal/tui/app.go:347.24,353.4 1 0
github.com/pders01/fwrd/internal/tui/app.go:353.9,355.4 1 0
github.com/pders01/fwrd/internal/tui/app.go:356.20,357.33 1 0
github.com/pders01/fwrd/internal/tui/app.go:358.18,359.30 1 0
github.com/pders01/fwrd/internal/tui/app.go:360.19,374.5 1 0
github.com/pders01/fwrd/internal/tui/app.go:375.25,377.28 2 0
github.com/pders01/fwrd/internal/tui/app.go:377.28,379.22 2 0
github.com/pders01/fwrd/internal/tui/app.go:379.22,381.5 1 0
github.com/pders01/fwrd/internal/tui/app.go:385.3,386.22 2 0
github.com/pders01/fwrd/internal/tui/app.go:386.22,388.4 1 0
github.com/pders01/fwrd/internal/tui/app.go:389.3,389.22 1 0
github.com/pders01/fwrd/internal/tui/app.go:389.22,391.4 1 0
github.com/pders01/fwrd/internal/tui/app.go:394.3,394.35 1 0
github.com/pders01/fwrd/internal/tui/app.go:394.35,396.4 1 0
github.com/pders01/fwrd/internal/tui/app.go:398.3,432.5 1 0
github.com/pders01/fwrd/internal/tui/app.go:433.18,452.26 3 0
github.com/pders01/fwrd/internal/tui/app.go:455.2,456.64 2 0
github.com/pders01/fwrd/internal/tui/app.go:459.34,462.16 2 0
github.com/pders01/fwrd/internal/tui/app.go:463.17,465.23 2 0
github.com/pders01/fwrd/internal/tui/app.go:465.23,467.4 1 0
github.com/pders01/fwrd/internal/tui/app.go:467.9,469.4 1 0
github.com/pders01/fwrd/internal/tui/app.go:470.20,471.73 1 0
github.com/pders01/fwrd/internal/tui/app.go:472.18,473.63 1 0
github.com/pders01/fwrd/internal/tui/app.go:474.19,475.51 1 0
github.com/pders01/fwrd/internal/tui/app.go:476.25,477.55 1 0
github.com/pders01/fwrd/internal/tui/app.go:478.18,479.63 1 0
github.com/pders01/fwrd/internal/tui/app.go:483.2,483.18 1 0
github.com/pders01/fwrd/internal/tui/app.go:483.18,499.3 2 0
github.com/pders01/fwrd/internal/tui/app.go:502.2,503.31 2 0
github.com/pders01/fwrd/internal/tui/app.go:503.31,505.22 2 0
github.com/pders01/fwrd/internal/tui/app.go:505.22,514.4 3 0
github.com/pders01/fwrd/internal/tui/app.go:518.2,543.4 5 0
github.com/pders01/fwrd/internal/tui/app.go:550.40,550.63 1 0
github.com/pders01/fwrd/internal/tui/app.go:551.40,551.69 1 0
github.com/pders01/fwrd/internal/tui/app.go:552.40,552.63 1 0
github.com/pders01/fwrd/internal/tui/app.go:558.37,559.20 1 0
github.com/pders01/fwrd/internal/tui/app.go:559.20,561.3 1 0
github.com/pders01/fwrd/internal/tui/app.go:562.2,562.57 1 0
github.com/pders01/fwrd/internal/tui/app.go:565.43,569.24 3 0
github.com/pders01/fwrd/internal/tui/app.go:569.24,570.32 1 0
github.com/pders01/fwrd/internal/tui/app.go:570.32,572.4 1 0
github.com/pders01/fwrd/internal/tui/app.go:575.2,576.35 2 0
github.com/pders01/fwrd/internal/tui/app.go:576.35,578.3 1 0
github.com/pders01/fwrd/internal/tui/app.go:580.2,582.25 1 0
github.com/pders01/fwrd/internal/tui/app.go:585.43,585.69 1 0
github.com/pders01/fwrd/internal/tui/app.go:593.42,594.17 1 0
github.com/pders01/fwrd/internal/tui/app.go:594.17,596.21 2 0
github.com/pders01/fwrd/internal/tui/app.go:596.21,598.4 1 0
github.com/pders01/fwrd/internal/tui/app.go:599.3,599.58 1 0
github.com/pders01/fwrd/internal/tui/app.go:600.8,605.3 1 0
github.com/pders01/fwrd/internal/tui/app.go:608.48,609.17 1 0
github.com/pders01/fwrd/internal/tui/app.go:609.17,613.32 3 0
github.com/pders01/fwrd/internal/tui/app.go:613.32,615.4 1 0
github.com/pders01/fwrd/internal/tui/app.go:618.3,619.20 2 0
github.com/pders01/fwrd/internal/tui/app.go:619.20,621.22 2 0
github.com/pders01/fwrd/internal/tui/app.go:621.22,623.5 1 0
github.com/pders01/fwrd/internal/tui/app.go:626.3,627.36 2 0
github.com/pders01/fwrd/internal/tui/app.go:627.36,629.4 1 0
github.com/pders01/fwrd/internal/tui/app.go:631.3,633.62 1 0
github.com/pders01/fwrd/internal/tui/app.go:634.8,638.3 1 0
github.com/pders01/fwrd/internal/tui/app.go:641.48,642.17 1 0
github.com/pders01/fwrd/internal/tui/app.go:642.17,644.3 1 0
github.com/pders01/fwrd/internal/tui/app.go:645.2,645.48 1 0
github.com/pders01/fwrd/internal/tui/branding.go:85.33,92.2 1 0
github.com/pders01/fwrd/internal/tui/commands.go:16.35,17.24 1 0
github.com/pders01/fwrd/internal/tui/commands.go:17.24,19.17 2 0
github.com/pders01/fwrd/internal/tui/commands.go:19.17,21.4 1 0
github.com/pders01/fwrd/internal/tui/commands.go:22.3,22.38 1 0
github.com/pders01/fwrd/internal/tui/commands.go:26.51,27.24 1 0
github.com/pders01/fwrd/internal/tui/commands.go:27.24,29.17 2 0
github.com/pders01/fwrd/internal/tui/commands.go:29.17,31.4 1 0
github.com/pders01/fwrd/internal/tui/commands.go:32.3,32.47 1 0
github.com/pders01/fwrd/internal/tui/commands.go:36.63,37.24 1 0
github.com/pders01/fwrd/internal/tui/commands.go:37.24,41.24 3 0
github.com/pders01/fwrd/internal/tui/commands.go:41.24,43.4 1 0
github.com/pders01/fwrd/internal/tui/commands.go:45.3,45.33 1 0
github.com/pders01/fwrd/internal/tui/commands.go:45.33,47.42 2 0
github.com/pders01/fwrd/internal/tui/commands.go:47.42,49.5 1 0
github.com/pders01/fwrd/internal/tui/commands.go:50.4,50.19 1 0
github.com/pders01/fwrd/internal/tui/commands.go:53.3,55.28 2 0
github.com/pders01/fwrd/internal/tui/commands.go:55.28,57.4 1 0
github.com/pders01/fwrd/internal/tui/commands.go:57.9,59.4 1 0
github.com/pders01/fwrd/internal/tui/commands.go:62.3,63.26 2 0
github.com/pders01/fwrd/internal/tui/commands.go:63.26,65.4 1 0
github.com/pders01/fwrd/internal/tui/commands.go:66.3,66.25 1 0
github.com/pders01/fwrd/internal/tui/commands.go:66.25,68.4 1 0
github.com/pders01/fwrd/internal/tui/commands.go:70.3,76.17 3 0
github.com/pders01/fwrd/internal/tui/commands.go:76.17,78.4 1 0
github.com/pders01/fwrd/internal/tui/commands.go:80.3,82.47 2 0
github.com/pders01/fwrd/internal/tui/commands.go:86.43,87.24 1 0
github.com/pders01/fwrd/internal/tui/commands.go:87.24,89.80 2 0
github.com/pders01/fwrd/internal/tui/commands.go:89.80,91.4 1 0
github.com/pders01/fwrd/internal/tui/commands.go:93.3,101.17 4 0
github.com/pders01/fwrd/internal/tui/commands.go:101.17,103.4 1 0
github.com/pders01/fwrd/internal/tui/commands.go:105.3,105.15 1 0
github.com/pders01/fwrd/internal/tui/commands.go:105.15,107.4 1 0
github.com/pders01/fwrd/internal/tui/commands.go:109.3,112.17 3 0
github.com/pders01/fwrd/internal/tui/commands.go:112.17,114.4 1 0
github.com/pders01/fwrd/internal/tui/commands.go:116.3,117.17 2 0
github.com/pders01/fwrd/internal/tui/commands.go:117.17,119.4 1 0
github.com/pders01/fwrd/internal/tui/commands.go:121.3,121.51 1 0
github.com/pders01/fwrd/internal/tui/commands.go:121.51,123.4 1 0
github.com/pders01/fwrd/internal/tui/commands.go:125.3,127.51 2 0
github.com/pders01/fwrd/internal/tui/commands.go:127.51,129.4 1 0
github.com/pders01/fwrd/internal/tui/commands.go:131.3,131.56 1 0
github.com/pders01/fwrd/internal/tui/commands.go:131.56,133.4 1 0
github.com/pders01/fwrd/internal/tui/commands.go:135.3,135.32 1 0
github.com/pders01/fwrd/internal/tui/commands.go:139.38,140.24 1 0
github.com/pders01/fwrd/internal/tui/commands.go:140.24,142.17 2 0
github.com/pders01/fwrd/internal/tui/commands.go:142.17,144.4 1 0
github.com/pders01/fwrd/internal/tui/commands.go:146.3,146.30 1 0
github.com/pders01/fwrd/internal/tui/commands.go:146.30,148.30 2 0
github.com/pders01/fwrd/internal/tui/commands.go:148.30,149.13 1 0
github.com/pders01/fwrd/internal/tui/commands.go:152.4,155.18 3 0
github.com/pders01/fwrd/internal/tui/commands.go:155.18,156.13 1 0
github.com/pders01/fwrd/internal/tui/commands.go:159.4,160.18 2 0
github.com/pders01/fwrd/internal/tui/commands.go:160.18,161.13 1 0
github.com/pders01/fwrd/internal/tui/commands.go:164.4,166.34 3 0
github.com/pders01/fwrd/internal/tui/commands.go:169.3,169.25 1 0
github.com/pders01/fwrd/internal/tui/commands.go:173.60,174.24 1 0
github.com/pders01/fwrd/internal/tui/commands.go:174.24,176.17 2 0
github.com/pders01/fwrd/internal/tui/commands.go:176.17,178.4 1 0
github.com/pders01/fwrd/internal/tui/commands.go:179.3,179.42 1 0
github.com/pders01/fwrd/internal/tui/commands.go:183.49,184.24 1 0
github.com/pders01/fwrd/internal/tui/commands.go:184.24,187.3 2 0
github.com/pders01/fwrd/internal/tui/commands.go:190.51,191.24 1 0
github.com/pders01/fwrd/internal/tui/commands.go:191.24,197.17 4 0
github.com/pders01/fwrd/internal/tui/commands.go:197.17,199.4 1 0
github.com/pders01/fwrd/internal/tui/commands.go:202.3,202.30 1 0
github.com/pders01/fwrd/internal/tui/commands.go:202.30,213.18 6 0
github.com/pders01/fwrd/internal/tui/commands.go:213.18,214.13 1 0
github.com/pders01/fwrd/internal/tui/commands.go:217.4,217.37 1 0
github.com/pders01/fwrd/internal/tui/commands.go:217.37,226.5 4 0
github.com/pders01/fwrd/internal/tui/commands.go:230.3,234.33 3 0
github.com/pders01/fwrd/internal/tui/commands.go:234.33,240.31 3 0
github.com/pders01/fwrd/internal/tui/commands.go:240.31,241.36 1 0
github.com/pders01/fwrd/internal/tui/commands.go:241.36,243.11 2 0
github.com/pders01/fwrd/internal/tui/commands.go:245.5,248.19 3 0
github.com/pders01/fwrd/internal/tui/commands.go:248.19,249.14 1 0
github.com/pders01/fwrd/internal/tui/commands.go:252.5,252.38 1 0
github.com/pders01/fwrd/internal/tui/commands.go:252.38,253.37 1 0
github.com/pders01/fwrd/internal/tui/commands.go:253.37,255.12 2 0
github.com/pders01/fwrd/internal/tui/commands.go:257.6,257.20 1 0
github.com/pders01/fwrd/internal/tui/commands.go:260.5,260.18 1 0
github.com/pders01/fwrd/internal/tui/commands.go:260.18,261.11 1 0
github.com/pders01/fwrd/internal/tui/commands.go:265.4,265.51 1 0
github.com/pders01/fwrd/internal/tui/commands.go:265.51,267.5 1 0
github.com/pders01/fwrd/internal/tui/commands.go:271.3,271.24 1 0
github.com/pders01/fwrd/internal/tui/commands.go:271.24,273.4 1 0
github.com/pders01/fwrd/internal/tui/commands.go:275.3,275.44 1 0
github.com/pders01/fwrd/internal/tui/commands.go:279.59,280.23 1 0
github.com/pders01/fwrd/internal/tui/commands.go:280.23,282.22 2 0
github.com/pders01/fwrd/internal/tui/commands.go:282.22,284.4 1 0
github.com/pders01/fwrd/internal/tui/commands.go:286.2,286.23 1 0
github.com/pders01/fwrd/internal/media/launcher.go:27.30,30.22 2 1
github.com/pders01/fwrd/internal/media/launcher.go:31.16,35.23 4 1
github.com/pders01/fwrd/internal/media/launcher.go:36.15,40.61 4 0
github.com/pders01/fwrd/internal/media/launcher.go:41.10,45.23 4 0
github.com/pders01/fwrd/internal/media/launcher.go:48.2,48.10 1 1
github.com/pders01/fwrd/internal/media/launcher.go:51.43,55.19 3 0
github.com/pders01/fwrd/internal/media/launcher.go:56.22,57.26 1 0
github.com/pders01/fwrd/internal/media/launcher.go:57.26,59.4 1 0
github.com/pders01/fwrd/internal/media/launcher.go:60.3,60.41 1 0
github.com/pders01/fwrd/internal/media/launcher.go:61.22,62.26 1 0
github.com/pders01/fwrd/internal/media/launcher.go:62.26,64.4 1 0
github.com/pders01/fwrd/internal/media/launcher.go:65.3,65.41 1 0
github.com/pders01/fwrd/internal/media/launcher.go:66.22,67.26 1 0
github.com/pders01/fwrd/internal/media/launcher.go:67.26,69.4 1 0
github.com/pders01/fwrd/internal/media/launcher.go:70.3,70.41 1 0
github.com/pders01/fwrd/internal/media/launcher.go:71.20,72.24 1 0
github.com/pders01/fwrd/internal/media/launcher.go:72.24,74.4 1 0
github.com/pders01/fwrd/internal/media/launcher.go:75.3,75.39 1 0
github.com/pders01/fwrd/internal/media/launcher.go:76.10,77.46 1 0
github.com/pders01/fwrd/internal/media/launcher.go:80.2,80.20 1 0
github.com/pders01/fwrd/internal/media/launcher.go:83.44,87.32 3 1
github.com/pders01/fwrd/internal/media/launcher.go:87.32,88.35 1 1
github.com/pders01/fwrd/internal/media/launcher.go:88.35,90.4 1 1
github.com/pders01/fwrd/internal/media/launcher.go:93.2,94.32 2 1
github.com/pders01/fwrd/internal/media/launcher.go:94.32,95.35 1 1
github.com/pders01/fwrd/internal/media/launcher.go:95.35,97.4 1 1
github.com/pders01/fwrd/internal/media/launcher.go:100.2,101.32 2 1
github.com/pders01/fwrd/internal/media/launcher.go:101.32,102.35 1 1
github.com/pders01/fwrd/internal/media/launcher.go:102.35,104.4 1 1
github.com/pders01/fwrd/internal/media/launcher.go:107.2,107.37 1 1
github.com/pders01/fwrd/internal/media/launcher.go:107.37,109.3 1 1
github.com/pders01/fwrd/internal/media/launcher.go:111.2,112.82 1 1
github.com/pders01/fwrd/internal/media/launcher.go:112.82,114.3 1 1
github.com/pders01/fwrd/internal/media/launcher.go:116.2,116.25 1 1
github.com/pders01/fwrd/internal/media/launcher.go:119.45,120.31 1 1
github.com/pders01/fwrd/internal/media/launcher.go:120.31,121.47 1 1
github.com/pders01/fwrd/internal/media/launcher.go:121.47,123.4 1 1
github.com/pders01/fwrd/internal/media/launcher.go:125.2,125.11 1 1
github.com/pders01/fwrd/internal/media/launcher.go:128.32,129.22 1 1
github.com/pders01/fwrd/internal/media/launcher.go:130.16,131.16 1 1
github.com/pders01/fwrd/internal/media/launcher.go:132.15,133.20 1 0
github.com/pders01/fwrd/internal/media/launcher.go:134.17,135.17 1 0
github.com/pders01/fwrd/internal/media/launcher.go:136.10,137.16 1 0
github.com/pders01/fwrd/internal/storage/store.go:21.46,23.16 2 1
github.com/pders01/fwrd/internal/storage/store.go:23.16,25.3 1 0
github.com/pders01/fwrd/internal/storage/store.go:27.2,27.42 1 1
github.com/pders01/fwrd/internal/storage/store.go:27.42,28.76 1 1
github.com/pders01/fwrd/internal/storage/store.go:28.76,29.64 1 1
github.com/pders01/fwrd/internal/storage/store.go:29.64,31.5 1 0
github.com/pders01/fwrd/internal/storage/store.go:33.3,33.13 1 1
github.com/pders01/fwrd/internal/storage/store.go:36.2,36.16 1 1
github.com/pders01/fwrd/internal/storage/store.go:36.16,38.3 1 0
github.com/pders01/fwrd/internal/storage/store.go:40.2,40.28 1 1
github.com/pders01/fwrd/internal/storage/store.go:43.31,45.2 1 1
github.com/pders01/fwrd/internal/storage/store.go:47.44,48.45 1 1
github.com/pders01/fwrd/internal/storage/store.go:48.45,51.17 3 1
github.com/pders01/fwrd/internal/storage/store.go:51.17,53.4 1 0
github.com/pders01/fwrd/internal/storage/store.go:54.3,54.38 1 1
github.com/pders01/fwrd/internal/storage/store.go:58.51,60.43 2 1
github.com/pders01/fwrd/internal/storage/store.go:60.43,63.18 3 1
github.com/pders01/fwrd/internal/storage/store.go:63.18,65.4 1 1
github.com/pders01/fwrd/internal/storage/store.go:66.3,66.37 1 1
github.com/pders01/fwrd/internal/storage/store.go:68.2,68.19 1 1
github.com/pders01/fwrd/internal/storage/store.go:71.48,73.43 2 1
github.com/pders01/fwrd/internal/storage/store.go:73.43,75.44 2 1
github.com/pders01/fwrd/internal/storage/store.go:75.44,77.51 2 1
github.com/pders01/fwrd/internal/storage/store.go:77.51,79.5 1 0
github.com/pders01/fwrd/internal/storage/store.go:80.4,81.14 2 1
github.com/pders01/fwrd/internal/storage/store.go:84.2,84.19 1 1
github.com/pders01/fwrd/internal/storage/store.go:87.57,88.45 1 1
github.com/pders01/fwrd/internal/storage/store.go:88.45,90.36 2 1
github.com/pders01/fwrd/internal/storage/store.go:90.36,92.18 2 1
github.com/pders01/fwrd/internal/storage/store.go:92.18,94.5 1 0
github.com/pders01/fwrd/internal/storage/store.go:95.4,95.58 1 1
github.com/pders01/fwrd/internal/storage/store.go:95.58,97.5 1 0
github.com/pders01/fwrd/internal/storage/store.go:99.3,99.13 1 1
github.com/pders01/fwrd/internal/storage/store.go:103.75,105.43 2 1
github.com/pders01/fwrd/internal/storage/store.go:105.43,110.68 4 1
github.com/pders01/fwrd/internal/storage/store.go:110.68,112.54 2 1
github.com/pders01/fwrd/internal/storage/store.go:112.54,113.13 1 0
github.com/pders01/fwrd/internal/storage/store.go:115.4,115.48 1 1
github.com/pders01/fwrd/internal/storage/store.go:115.48,118.5 2 1
github.com/pders01/fwrd/internal/storage/store.go:120.3,120.13 1 1
github.com/pders01/fwrd/internal/storage/store.go:122.2,122.22 1 1
github.com/pders01/fwrd/internal/storage/store.go:125.61,126.45 1 1
github.com/pders01/fwrd/internal/storage/store.go:126.45,129.18 3 1
github.com/pders01/fwrd/internal/storage/store.go:129.18,131.4 1 0
github.com/pders01/fwrd/internal/storage/store.go:133.3,134.56 2 1
github.com/pders01/fwrd/internal/storage/store.go:134.56,136.4 1 0
github.com/pders01/fwrd/internal/storage/store.go:138.3,141.17 3 1
github.com/pders01/fwrd/internal/storage/store.go:141.17,143.4 1 0
github.com/pders01/fwrd/internal/storage/store.go:145.3,145.33 1 1
github.com/pders01/fwrd/internal/storage/store.go:149.45,150.45 1 1
github.com/pders01/fwrd/internal/storage/store.go:150.45,152.55 2 1
github.com/pders01/fwrd/internal/storage/store.go:152.55,154.4 1 0
github.com/pders01/fwrd/internal/storage/store.go:156.3,158.52 3 1
github.com/pders01/fwrd/internal/storage/store.go:158.52,160.54 2 1
github.com/pders01/fwrd/internal/storage/store.go:160.54,161.13 1 0
github.com/pders01/fwrd/internal/storage/store.go:163.4,163.28 1 1
github.com/pders01/fwrd/internal/storage/store.go:163.28,164.38 1 1
github.com/pders01/fwrd/internal/storage/store.go:164.38,166.6 1 0
github.com/pders01/fwrd/internal/storage/store.go:170.3,170.13 1 1
