mode: set
github.com/pders01/fwrd/internal/debuglog/log.go:23.35,24.11 1 1
github.com/pders01/fwrd/internal/debuglog/log.go:25.18,26.17 1 1
github.com/pders01/fwrd/internal/debuglog/log.go:27.17,28.16 1 1
github.com/pders01/fwrd/internal/debuglog/log.go:29.17,30.16 1 1
github.com/pders01/fwrd/internal/debuglog/log.go:31.18,32.17 1 1
github.com/pders01/fwrd/internal/debuglog/log.go:33.16,34.15 1 1
github.com/pders01/fwrd/internal/debuglog/log.go:35.10,36.19 1 0
github.com/pders01/fwrd/internal/debuglog/log.go:41.39,42.47 1 1
github.com/pders01/fwrd/internal/debuglog/log.go:43.15,44.20 1 1
github.com/pders01/fwrd/internal/debuglog/log.go:45.14,46.19 1 1
github.com/pders01/fwrd/internal/debuglog/log.go:47.25,48.19 1 1
github.com/pders01/fwrd/internal/debuglog/log.go:49.15,50.20 1 1
github.com/pders01/fwrd/internal/debuglog/log.go:51.13,52.18 1 1
github.com/pders01/fwrd/internal/debuglog/log.go:53.10,54.19 1 1
github.com/pders01/fwrd/internal/debuglog/log.go:66.54,70.20 2 1
github.com/pders01/fwrd/internal/debuglog/log.go:70.20,73.3 2 1
github.com/pders01/fwrd/internal/debuglog/log.go:75.2,75.23 1 1
github.com/pders01/fwrd/internal/debuglog/log.go:75.23,78.3 2 1
github.com/pders01/fwrd/internal/debuglog/log.go:81.2,82.44 2 1
github.com/pders01/fwrd/internal/debuglog/log.go:82.44,84.3 1 1
github.com/pders01/fwrd/internal/debuglog/log.go:84.8,87.49 3 1
github.com/pders01/fwrd/internal/debuglog/log.go:87.49,89.4 1 0
github.com/pders01/fwrd/internal/debuglog/log.go:90.3,90.43 1 1
github.com/pders01/fwrd/internal/debuglog/log.go:94.2,95.16 2 1
github.com/pders01/fwrd/internal/debuglog/log.go:95.16,97.3 1 0
github.com/pders01/fwrd/internal/debuglog/log.go:99.2,101.12 3 1
github.com/pders01/fwrd/internal/debuglog/log.go:105.34,106.13 1 1
github.com/pders01/fwrd/internal/debuglog/log.go:106.13,108.3 1 1
github.com/pders01/fwrd/internal/debuglog/log.go:108.8,110.3 1 1
github.com/pders01/fwrd/internal/debuglog/log.go:114.31,116.2 1 1
github.com/pders01/fwrd/internal/debuglog/log.go:119.26,121.2 1 1
github.com/pders01/fwrd/internal/debuglog/log.go:124.20,125.20 1 1
github.com/pders01/fwrd/internal/debuglog/log.go:125.20,130.3 4 1
github.com/pders01/fwrd/internal/debuglog/log.go:131.2,131.12 1 1
github.com/pders01/fwrd/internal/debuglog/log.go:135.55,136.43 1 1
github.com/pders01/fwrd/internal/debuglog/log.go:136.43,138.3 1 1
github.com/pders01/fwrd/internal/debuglog/log.go:140.2,141.51 2 1
github.com/pders01/fwrd/internal/debuglog/log.go:146.41,148.2 1 1
github.com/pders01/fwrd/internal/debuglog/log.go:150.40,152.2 1 1
github.com/pders01/fwrd/internal/debuglog/log.go:154.40,156.2 1 1
github.com/pders01/fwrd/internal/debuglog/log.go:158.41,160.2 1 1
github.com/pders01/fwrd/internal/debuglog/log.go:168.61,170.2 1 1
github.com/pders01/fwrd/internal/debuglog/log.go:173.46,174.25 1 1
github.com/pders01/fwrd/internal/debuglog/log.go:174.25,176.3 1 0
github.com/pders01/fwrd/internal/debuglog/log.go:178.2,179.36 2 1
github.com/pders01/fwrd/internal/debuglog/log.go:179.36,181.3 1 1
github.com/pders01/fwrd/internal/debuglog/log.go:182.2,182.46 1 1
github.com/pders01/fwrd/internal/debuglog/log.go:185.59,186.49 1 0
github.com/pders01/fwrd/internal/debuglog/log.go:186.49,189.3 2 0
github.com/pders01/fwrd/internal/debuglog/log.go:192.58,193.48 1 1
github.com/pders01/fwrd/internal/debuglog/log.go:193.48,196.3 2 1
github.com/pders01/fwrd/internal/debuglog/log.go:199.58,200.48 1 0
github.com/pders01/fwrd/internal/debuglog/log.go:200.48,203.3 2 0
github.com/pders01/fwrd/internal/debuglog/log.go:206.59,207.49 1 0
github.com/pders01/fwrd/internal/debuglog/log.go:207.49,210.3 2 0
github.com/pders01/fwrd/cmd/rss/main.go:39.13,55.2 9 1
github.com/pders01/fwrd/cmd/rss/main.go:60.42,64.3 3 1
github.com/pders01/fwrd/cmd/rss/main.go:75.42,80.66 4 1
github.com/pders01/fwrd/cmd/rss/main.go:80.66,82.4 1 0
github.com/pders01/fwrd/cmd/rss/main.go:83.3,83.69 1 1
github.com/pders01/fwrd/cmd/rss/main.go:118.13,127.2 6 1
github.com/pders01/fwrd/cmd/rss/main.go:129.19,130.19 1 0
github.com/pders01/fwrd/cmd/rss/main.go:130.19,132.3 1 0
github.com/pders01/fwrd/cmd/rss/main.go:132.8,140.3 6 0
github.com/pders01/fwrd/cmd/rss/main.go:142.2,143.22 2 0
github.com/pders01/fwrd/cmd/rss/main.go:146.43,148.2 1 0
github.com/pders01/fwrd/cmd/rss/main.go:150.59,153.18 2 0
github.com/pders01/fwrd/cmd/rss/main.go:153.18,155.3 1 0
github.com/pders01/fwrd/cmd/rss/main.go:158.2,160.16 3 0
github.com/pders01/fwrd/cmd/rss/main.go:160.16,162.3 1 0
github.com/pders01/fwrd/cmd/rss/main.go:165.2,166.68 2 0
github.com/pders01/fwrd/cmd/rss/main.go:166.68,168.3 1 0
github.com/pders01/fwrd/cmd/rss/main.go:170.2,170.40 1 0
github.com/pders01/fwrd/cmd/rss/main.go:174.53,176.16 2 0
github.com/pders01/fwrd/cmd/rss/main.go:176.16,178.3 1 0
github.com/pders01/fwrd/cmd/rss/main.go:180.2,181.16 2 0
github.com/pders01/fwrd/cmd/rss/main.go:181.16,183.3 1 0
github.com/pders01/fwrd/cmd/rss/main.go:184.2,186.18 2 0
github.com/pders01/fwrd/cmd/rss/main.go:190.78,192.16 2 0
github.com/pders01/fwrd/cmd/rss/main.go:192.16,194.3 1 0
github.com/pders01/fwrd/cmd/rss/main.go:196.2,197.16 2 0
github.com/pders01/fwrd/cmd/rss/main.go:197.16,199.3 1 0
github.com/pders01/fwrd/cmd/rss/main.go:200.2,202.23 2 0
github.com/pders01/fwrd/cmd/rss/main.go:205.43,206.12 1 0
github.com/pders01/fwrd/cmd/rss/main.go:206.12,208.3 1 0
github.com/pders01/fwrd/cmd/rss/main.go:211.2,211.15 1 0
github.com/pders01/fwrd/cmd/rss/main.go:211.15,213.3 1 0
github.com/pders01/fwrd/cmd/rss/main.go:215.2,215.84 1 0
github.com/pders01/fwrd/cmd/rss/main.go:215.84,219.19 2 0
github.com/pders01/fwrd/cmd/rss/main.go:219.19,221.4 1 0
github.com/pders01/fwrd/cmd/rss/main.go:223.3,225.36 2 0
github.com/pders01/fwrd/cmd/rss/main.go:225.36,227.4 1 0
github.com/pders01/fwrd/cmd/rss/main.go:229.3,229.13 1 0
github.com/pders01/fwrd/cmd/rss/main.go:230.17,233.3 2 0
github.com/pders01/fwrd/cmd/rss/main.go:236.46,237.55 1 0
github.com/pders01/fwrd/cmd/rss/main.go:237.55,239.17 2 0
github.com/pders01/fwrd/cmd/rss/main.go:239.17,241.4 1 0
github.com/pders01/fwrd/cmd/rss/main.go:243.3,243.22 1 0
github.com/pders01/fwrd/cmd/rss/main.go:243.22,246.4 2 0
github.com/pders01/fwrd/cmd/rss/main.go:248.3,249.30 2 0
github.com/pders01/fwrd/cmd/rss/main.go:249.30,259.23 7 0
github.com/pders01/fwrd/cmd/rss/main.go:259.23,261.5 1 0
github.com/pders01/fwrd/cmd/rss/main.go:262.4,262.31 1 0
github.com/pders01/fwrd/cmd/rss/main.go:262.31,264.5 1 0
github.com/pders01/fwrd/cmd/rss/main.go:265.4,265.17 1 0
github.com/pders01/fwrd/cmd/rss/main.go:267.3,267.13 1 0
github.com/pders01/fwrd/cmd/rss/main.go:268.17,270.3 1 0
github.com/pders01/fwrd/cmd/rss/main.go:273.47,276.84 2 0
github.com/pders01/fwrd/cmd/rss/main.go:276.84,281.17 4 0
github.com/pders01/fwrd/cmd/rss/main.go:281.17,283.4 1 0
github.com/pders01/fwrd/cmd/rss/main.go:285.3,292.13 5 0
github.com/pders01/fwrd/cmd/rss/main.go:293.17,295.3 1 0
github.com/pders01/fwrd/cmd/rss/main.go:298.50,301.55 2 0
github.com/pders01/fwrd/cmd/rss/main.go:301.55,304.17 2 0
github.com/pders01/fwrd/cmd/rss/main.go:304.17,306.4 1 0
github.com/pders01/fwrd/cmd/rss/main.go:308.3,309.30 2 0
github.com/pders01/fwrd/cmd/rss/main.go:309.30,310.49 1 0
github.com/pders01/fwrd/cmd/rss/main.go:310.49,312.10 2 0
github.com/pders01/fwrd/cmd/rss/main.go:316.3,316.24 1 0
github.com/pders01/fwrd/cmd/rss/main.go:316.24,318.4 1 0
github.com/pders01/fwrd/cmd/rss/main.go:320.3,322.57 2 0
github.com/pders01/fwrd/cmd/rss/main.go:322.57,324.4 1 0
github.com/pders01/fwrd/cmd/rss/main.go:326.3,327.13 2 0
github.com/pders01/fwrd/cmd/rss/main.go:328.17,330.3 1 0
github.com/pders01/fwrd/cmd/rss/main.go:333.49,334.84 1 0
github.com/pders01/fwrd/cmd/rss/main.go:334.84,338.19 2 0
github.com/pders01/fwrd/cmd/rss/main.go:338.19,341.4 2 0
github.com/pders01/fwrd/cmd/rss/main.go:343.3,344.51 2 0
github.com/pders01/fwrd/cmd/rss/main.go:344.51,346.4 1 0
github.com/pders01/fwrd/cmd/rss/main.go:348.3,349.13 2 0
github.com/pders01/fwrd/cmd/rss/main.go:350.17,352.3 1 0
github.com/pders01/fwrd/cmd/rss/main.go:355.13,356.42 1 0
github.com/pders01/fwrd/cmd/rss/main.go:356.42,359.3 2 0
github.com/pders01/fwrd/internal/storage/store.go:31.69,40.2 6 1
github.com/pders01/fwrd/internal/storage/store.go:42.46,44.16 2 1
github.com/pders01/fwrd/internal/storage/store.go:44.16,46.3 1 0
github.com/pders01/fwrd/internal/storage/store.go:48.2,48.42 1 1
github.com/pders01/fwrd/internal/storage/store.go:48.42,49.120 1 1
github.com/pders01/fwrd/internal/storage/store.go:49.120,50.76 1 1
github.com/pders01/fwrd/internal/storage/store.go:50.76,52.5 1 0
github.com/pders01/fwrd/internal/storage/store.go:54.3,54.13 1 1
github.com/pders01/fwrd/internal/storage/store.go:57.2,57.16 1 1
github.com/pders01/fwrd/internal/storage/store.go:57.16,59.3 1 0
github.com/pders01/fwrd/internal/storage/store.go:61.2,61.28 1 1
github.com/pders01/fwrd/internal/storage/store.go:64.31,66.2 1 1
github.com/pders01/fwrd/internal/storage/store.go:68.44,69.45 1 1
github.com/pders01/fwrd/internal/storage/store.go:69.45,72.17 3 1
github.com/pders01/fwrd/internal/storage/store.go:72.17,74.4 1 0
github.com/pders01/fwrd/internal/storage/store.go:75.3,75.38 1 1
github.com/pders01/fwrd/internal/storage/store.go:79.51,81.43 2 1
github.com/pders01/fwrd/internal/storage/store.go:81.43,84.18 3 1
github.com/pders01/fwrd/internal/storage/store.go:84.18,86.4 1 1
github.com/pders01/fwrd/internal/storage/store.go:87.3,87.37 1 1
github.com/pders01/fwrd/internal/storage/store.go:89.2,89.19 1 1
github.com/pders01/fwrd/internal/storage/store.go:92.48,93.29 1 1
github.com/pders01/fwrd/internal/storage/store.go:93.29,95.3 1 0
github.com/pders01/fwrd/internal/storage/store.go:96.2,97.43 2 1
github.com/pders01/fwrd/internal/storage/store.go:97.43,99.51 2 1
github.com/pders01/fwrd/internal/storage/store.go:99.51,101.51 2 1
github.com/pders01/fwrd/internal/storage/store.go:101.51,103.5 1 0
github.com/pders01/fwrd/internal/storage/store.go:104.4,105.14 2 1
github.com/pders01/fwrd/internal/storage/store.go:109.2,109.40 1 1
github.com/pders01/fwrd/internal/storage/store.go:109.40,112.15 3 1
github.com/pders01/fwrd/internal/storage/store.go:112.15,114.4 1 0
github.com/pders01/fwrd/internal/storage/store.go:115.3,115.15 1 1
github.com/pders01/fwrd/internal/storage/store.go:115.15,117.4 1 0
github.com/pders01/fwrd/internal/storage/store.go:118.3,118.51 1 1
github.com/pders01/fwrd/internal/storage/store.go:120.2,120.19 1 1
github.com/pders01/fwrd/internal/storage/store.go:123.57,124.45 1 1
github.com/pders01/fwrd/internal/storage/store.go:124.45,128.36 4 1
github.com/pders01/fwrd/internal/storage/store.go:128.36,130.18 2 1
github.com/pders01/fwrd/internal/storage/store.go:130.18,132.5 1 0
github.com/pders01/fwrd/internal/storage/store.go:133.4,133.58 1 1
github.com/pders01/fwrd/internal/storage/store.go:133.58,135.5 1 0
github.com/pders01/fwrd/internal/storage/store.go:138.4,138.22 1 1
github.com/pders01/fwrd/internal/storage/store.go:138.22,140.19 2 1
github.com/pders01/fwrd/internal/storage/store.go:140.19,142.6 1 0
github.com/pders01/fwrd/internal/storage/store.go:143.5,143.65 1 1
github.com/pders01/fwrd/internal/storage/store.go:143.65,145.6 1 0
github.com/pders01/fwrd/internal/storage/store.go:149.4,149.22 1 1
github.com/pders01/fwrd/internal/storage/store.go:149.22,151.68 2 1
github.com/pders01/fwrd/internal/storage/store.go:151.68,153.6 1 0
github.com/pders01/fwrd/internal/storage/store.go:156.3,156.13 1 1
github.com/pders01/fwrd/internal/storage/store.go:160.75,162.2 1 1
github.com/pders01/fwrd/internal/storage/store.go:166.100,167.29 1 1
github.com/pders01/fwrd/internal/storage/store.go:167.29,169.3 1 0
github.com/pders01/fwrd/internal/storage/store.go:170.2,172.43 2 1
github.com/pders01/fwrd/internal/storage/store.go:172.43,174.16 2 1
github.com/pders01/fwrd/internal/storage/store.go:174.16,176.4 1 0
github.com/pders01/fwrd/internal/storage/store.go:178.3,178.19 1 1
github.com/pders01/fwrd/internal/storage/store.go:178.19,181.4 1 1
github.com/pders01/fwrd/internal/storage/store.go:184.3,184.72 1 1
github.com/pders01/fwrd/internal/storage/store.go:187.2,187.22 1 1
github.com/pders01/fwrd/internal/storage/store.go:191.144,196.20 3 1
github.com/pders01/fwrd/internal/storage/store.go:196.20,198.3 1 0
github.com/pders01/fwrd/internal/storage/store.go:200.2,201.15 2 1
github.com/pders01/fwrd/internal/storage/store.go:201.15,203.3 1 0
github.com/pders01/fwrd/internal/storage/store.go:206.2,207.51 2 1
github.com/pders01/fwrd/internal/storage/store.go:207.51,209.3 1 1
github.com/pders01/fwrd/internal/storage/store.go:212.2,213.20 2 1
github.com/pders01/fwrd/internal/storage/store.go:213.20,216.3 1 0
github.com/pders01/fwrd/internal/storage/store.go:218.2,223.18 4 1
github.com/pders01/fwrd/internal/storage/store.go:223.18,226.85 2 0
github.com/pders01/fwrd/internal/storage/store.go:226.85,227.35 1 0
github.com/pders01/fwrd/internal/storage/store.go:227.35,229.10 2 0
github.com/pders01/fwrd/internal/storage/store.go:232.3,232.12 1 0
github.com/pders01/fwrd/internal/storage/store.go:232.12,235.4 1 0
github.com/pders01/fwrd/internal/storage/store.go:235.9,238.4 1 0
github.com/pders01/fwrd/internal/storage/store.go:239.8,242.3 1 1
github.com/pders01/fwrd/internal/storage/store.go:244.2,244.84 1 1
github.com/pders01/fwrd/internal/storage/store.go:244.84,246.41 1 1
github.com/pders01/fwrd/internal/storage/store.go:246.41,247.12 1 1
github.com/pders01/fwrd/internal/storage/store.go:250.3,251.15 2 1
github.com/pders01/fwrd/internal/storage/store.go:251.15,252.12 1 0
github.com/pders01/fwrd/internal/storage/store.go:255.3,256.53 2 1
github.com/pders01/fwrd/internal/storage/store.go:256.53,257.12 1 0
github.com/pders01/fwrd/internal/storage/store.go:260.3,261.10 2 1
github.com/pders01/fwrd/internal/storage/store.go:264.2,264.12 1 1
github.com/pders01/fwrd/internal/storage/store.go:268.143,270.20 2 0
github.com/pders01/fwrd/internal/storage/store.go:270.20,272.3 1 0
github.com/pders01/fwrd/internal/storage/store.go:274.2,275.15 2 0
github.com/pders01/fwrd/internal/storage/store.go:275.15,277.3 1 0
github.com/pders01/fwrd/internal/storage/store.go:280.2,281.51 2 0
github.com/pders01/fwrd/internal/storage/store.go:281.51,283.15 2 0
github.com/pders01/fwrd/internal/storage/store.go:283.15,284.12 1 0
github.com/pders01/fwrd/internal/storage/store.go:287.3,288.53 2 0
github.com/pders01/fwrd/internal/storage/store.go:288.53,289.12 1 0
github.com/pders01/fwrd/internal/storage/store.go:292.3,292.42 1 0
github.com/pders01/fwrd/internal/storage/store.go:296.2,296.44 1 0
github.com/pders01/fwrd/internal/storage/store.go:296.44,298.3 1 0
github.com/pders01/fwrd/internal/storage/store.go:301.2,301.18 1 0
github.com/pders01/fwrd/internal/storage/store.go:301.18,304.37 2 0
github.com/pders01/fwrd/internal/storage/store.go:304.37,305.28 1 0
github.com/pders01/fwrd/internal/storage/store.go:305.28,307.10 2 0
github.com/pders01/fwrd/internal/storage/store.go:310.3,310.57 1 0
github.com/pders01/fwrd/internal/storage/store.go:310.57,312.4 1 0
github.com/pders01/fwrd/internal/storage/store.go:312.9,314.4 1 0
github.com/pders01/fwrd/internal/storage/store.go:318.2,318.41 1 0
github.com/pders01/fwrd/internal/storage/store.go:318.41,320.3 1 0
github.com/pders01/fwrd/internal/storage/store.go:322.2,322.12 1 0
github.com/pders01/fwrd/internal/storage/store.go:326.128,328.20 2 1
github.com/pders01/fwrd/internal/storage/store.go:328.20,330.52 1 0
github.com/pders01/fwrd/internal/storage/store.go:330.52,332.54 2 0
github.com/pders01/fwrd/internal/storage/store.go:332.54,334.5 1 0
github.com/pders01/fwrd/internal/storage/store.go:335.4,336.14 2 0
github.com/pders01/fwrd/internal/storage/store.go:341.2,346.18 4 1
github.com/pders01/fwrd/internal/storage/store.go:346.18,349.67 2 0
github.com/pders01/fwrd/internal/storage/store.go:349.67,350.35 1 0
github.com/pders01/fwrd/internal/storage/store.go:350.35,352.10 2 0
github.com/pders01/fwrd/internal/storage/store.go:355.3,355.12 1 0
github.com/pders01/fwrd/internal/storage/store.go:355.12,358.4 1 0
github.com/pders01/fwrd/internal/storage/store.go:358.9,361.4 1 0
github.com/pders01/fwrd/internal/storage/store.go:362.8,365.3 1 1
github.com/pders01/fwrd/internal/storage/store.go:367.2,367.75 1 1
github.com/pders01/fwrd/internal/storage/store.go:367.75,369.15 2 1
github.com/pders01/fwrd/internal/storage/store.go:369.15,370.12 1 0
github.com/pders01/fwrd/internal/storage/store.go:373.3,374.53 2 1
github.com/pders01/fwrd/internal/storage/store.go:374.53,375.12 1 0
github.com/pders01/fwrd/internal/storage/store.go:378.3,379.10 2 1
github.com/pders01/fwrd/internal/storage/store.go:382.2,382.12 1 1
github.com/pders01/fwrd/internal/storage/store.go:385.61,386.45 1 1
github.com/pders01/fwrd/internal/storage/store.go:386.45,389.18 3 1
github.com/pders01/fwrd/internal/storage/store.go:389.18,391.4 1 0
github.com/pders01/fwrd/internal/storage/store.go:393.3,394.56 2 1
github.com/pders01/fwrd/internal/storage/store.go:394.56,396.4 1 0
github.com/pders01/fwrd/internal/storage/store.go:398.3,401.17 3 1
github.com/pders01/fwrd/internal/storage/store.go:401.17,403.4 1 0
github.com/pders01/fwrd/internal/storage/store.go:405.3,405.33 1 1
github.com/pders01/fwrd/internal/storage/store.go:409.45,410.45 1 1
github.com/pders01/fwrd/internal/storage/store.go:410.45,413.55 2 1
github.com/pders01/fwrd/internal/storage/store.go:413.55,415.4 1 0
github.com/pders01/fwrd/internal/storage/store.go:418.3,424.21 5 1
github.com/pders01/fwrd/internal/storage/store.go:424.21,426.17 2 1
github.com/pders01/fwrd/internal/storage/store.go:426.17,428.54 2 1
github.com/pders01/fwrd/internal/storage/store.go:428.54,430.19 2 1
github.com/pders01/fwrd/internal/storage/store.go:430.19,432.7 1 1
github.com/pders01/fwrd/internal/storage/store.go:435.5,435.60 1 1
github.com/pders01/fwrd/internal/storage/store.go:435.60,438.6 1 0
github.com/pders01/fwrd/internal/storage/store.go:443.3,443.21 1 1
github.com/pders01/fwrd/internal/storage/store.go:443.21,444.41 1 1
github.com/pders01/fwrd/internal/storage/store.go:444.41,448.54 2 1
github.com/pders01/fwrd/internal/storage/store.go:448.54,449.35 1 1
github.com/pders01/fwrd/internal/storage/store.go:449.35,451.12 2 1
github.com/pders01/fwrd/internal/storage/store.go:457.3,457.13 1 1
github.com/pders01/fwrd/internal/config/config.go:89.30,160.2 4 1
github.com/pders01/fwrd/internal/config/config.go:162.32,163.22 1 1
github.com/pders01/fwrd/internal/config/config.go:164.16,165.16 1 1
github.com/pders01/fwrd/internal/config/config.go:166.15,167.20 1 0
github.com/pders01/fwrd/internal/config/config.go:168.17,169.17 1 0
github.com/pders01/fwrd/internal/config/config.go:170.10,171.16 1 0
github.com/pders01/fwrd/internal/config/config.go:175.47,185.22 8 1
github.com/pders01/fwrd/internal/config/config.go:185.22,187.3 1 1
github.com/pders01/fwrd/internal/config/config.go:187.8,195.3 6 1
github.com/pders01/fwrd/internal/config/config.go:197.2,200.41 3 1
github.com/pders01/fwrd/internal/config/config.go:200.41,201.56 1 1
github.com/pders01/fwrd/internal/config/config.go:201.56,203.4 1 0
github.com/pders01/fwrd/internal/config/config.go:206.2,207.45 2 1
github.com/pders01/fwrd/internal/config/config.go:207.45,209.3 1 0
github.com/pders01/fwrd/internal/config/config.go:212.2,214.21 2 1
github.com/pders01/fwrd/internal/config/config.go:218.37,219.16 1 1
github.com/pders01/fwrd/internal/config/config.go:219.16,221.3 1 1
github.com/pders01/fwrd/internal/config/config.go:224.2,228.16 3 1
github.com/pders01/fwrd/internal/config/config.go:228.16,232.3 1 1
github.com/pders01/fwrd/internal/config/config.go:234.2,234.22 1 1
github.com/pders01/fwrd/internal/config/config.go:238.31,241.2 2 1
github.com/pders01/fwrd/internal/config/config.go:243.46,267.48 10 1
github.com/pders01/fwrd/internal/config/config.go:267.48,269.3 1 0
github.com/pders01/fwrd/internal/config/config.go:271.2,271.30 1 1
github.com/pders01/fwrd/internal/config/config.go:274.47,276.2 1 1
github.com/pders01/fwrd/internal/config/test_config.go:5.27,21.2 1 1
github.com/pders01/fwrd/internal/search/bleve_engine.go:25.79,32.47 4 1
github.com/pders01/fwrd/internal/search/bleve_engine.go:32.47,34.3 1 1
github.com/pders01/fwrd/internal/search/bleve_engine.go:36.2,37.16 2 1
github.com/pders01/fwrd/internal/search/bleve_engine.go:37.16,39.3 1 0
github.com/pders01/fwrd/internal/search/bleve_engine.go:40.2,44.78 3 1
github.com/pders01/fwrd/internal/search/bleve_engine.go:44.78,46.3 1 0
github.com/pders01/fwrd/internal/search/bleve_engine.go:49.2,50.16 2 1
github.com/pders01/fwrd/internal/search/bleve_engine.go:50.16,54.17 3 1
github.com/pders01/fwrd/internal/search/bleve_engine.go:54.17,56.4 1 0
github.com/pders01/fwrd/internal/search/bleve_engine.go:59.2,61.40 2 1
github.com/pders01/fwrd/internal/search/bleve_engine.go:61.40,64.3 2 0
github.com/pders01/fwrd/internal/search/bleve_engine.go:65.2,66.16 2 1
github.com/pders01/fwrd/internal/search/bleve_engine.go:69.47,109.2 29 1
github.com/pders01/fwrd/internal/search/bleve_engine.go:117.42,119.16 2 1
github.com/pders01/fwrd/internal/search/bleve_engine.go:119.16,121.3 1 0
github.com/pders01/fwrd/internal/search/bleve_engine.go:123.2,135.26 6 1
github.com/pders01/fwrd/internal/search/bleve_engine.go:135.26,147.76 3 1
github.com/pders01/fwrd/internal/search/bleve_engine.go:147.76,149.12 2 0
github.com/pders01/fwrd/internal/search/bleve_engine.go:153.3,153.33 1 1
github.com/pders01/fwrd/internal/search/bleve_engine.go:153.33,154.47 1 0
github.com/pders01/fwrd/internal/search/bleve_engine.go:154.47,156.5 1 0
github.com/pders01/fwrd/internal/search/bleve_engine.go:157.4,160.18 4 0
github.com/pders01/fwrd/internal/search/bleve_engine.go:165.2,165.20 1 1
github.com/pders01/fwrd/internal/search/bleve_engine.go:165.20,166.46 1 1
github.com/pders01/fwrd/internal/search/bleve_engine.go:166.46,168.4 1 0
github.com/pders01/fwrd/internal/search/bleve_engine.go:169.3,169.31 1 1
github.com/pders01/fwrd/internal/search/bleve_engine.go:172.2,173.12 2 1
github.com/pders01/fwrd/internal/search/bleve_engine.go:177.104,180.6 2 1
github.com/pders01/fwrd/internal/search/bleve_engine.go:180.6,182.17 2 1
github.com/pders01/fwrd/internal/search/bleve_engine.go:182.17,184.4 1 0
github.com/pders01/fwrd/internal/search/bleve_engine.go:186.3,186.21 1 1
github.com/pders01/fwrd/internal/search/bleve_engine.go:186.21,187.9 1 0
github.com/pders01/fwrd/internal/search/bleve_engine.go:191.3,191.26 1 1
github.com/pders01/fwrd/internal/search/bleve_engine.go:191.26,204.35 3 1
github.com/pders01/fwrd/internal/search/bleve_engine.go:204.35,205.49 1 0
github.com/pders01/fwrd/internal/search/bleve_engine.go:205.49,207.6 1 0
github.com/pders01/fwrd/internal/search/bleve_engine.go:208.5,210.20 3 0
github.com/pders01/fwrd/internal/search/bleve_engine.go:215.3,215.37 1 1
github.com/pders01/fwrd/internal/search/bleve_engine.go:215.37,216.9 1 1
github.com/pders01/fwrd/internal/search/bleve_engine.go:219.3,219.22 1 0
github.com/pders01/fwrd/internal/search/bleve_engine.go:222.2,222.12 1 1
github.com/pders01/fwrd/internal/search/bleve_engine.go:226.61,227.23 1 1
github.com/pders01/fwrd/internal/search/bleve_engine.go:227.23,229.3 1 0
github.com/pders01/fwrd/internal/search/bleve_engine.go:231.2,232.16 2 1
github.com/pders01/fwrd/internal/search/bleve_engine.go:232.16,235.3 2 0
github.com/pders01/fwrd/internal/search/bleve_engine.go:237.2,238.12 2 1
github.com/pders01/fwrd/internal/search/bleve_engine.go:241.74,242.39 1 1
github.com/pders01/fwrd/internal/search/bleve_engine.go:242.39,244.3 1 0
github.com/pders01/fwrd/internal/search/bleve_engine.go:246.2,248.29 3 1
github.com/pders01/fwrd/internal/search/bleve_engine.go:248.29,285.3 32 1
github.com/pders01/fwrd/internal/search/bleve_engine.go:286.2,286.18 1 1
github.com/pders01/fwrd/internal/search/bleve_engine.go:286.18,288.3 1 0
github.com/pders01/fwrd/internal/search/bleve_engine.go:289.2,294.16 6 1
github.com/pders01/fwrd/internal/search/bleve_engine.go:294.16,296.3 1 0
github.com/pders01/fwrd/internal/search/bleve_engine.go:297.2,298.29 2 1
github.com/pders01/fwrd/internal/search/bleve_engine.go:298.29,300.39 2 1
github.com/pders01/fwrd/internal/search/bleve_engine.go:300.39,303.47 3 0
github.com/pders01/fwrd/internal/search/bleve_engine.go:303.47,305.5 1 0
github.com/pders01/fwrd/internal/search/bleve_engine.go:306.4,306.53 1 0
github.com/pders01/fwrd/internal/search/bleve_engine.go:306.53,308.5 1 0
github.com/pders01/fwrd/internal/search/bleve_engine.go:309.4,309.45 1 0
github.com/pders01/fwrd/internal/search/bleve_engine.go:309.45,311.5 1 0
github.com/pders01/fwrd/internal/search/bleve_engine.go:312.4,313.23 2 0
github.com/pders01/fwrd/internal/search/bleve_engine.go:314.9,314.49 1 1
github.com/pders01/fwrd/internal/search/bleve_engine.go:314.49,317.47 3 1
github.com/pders01/fwrd/internal/search/bleve_engine.go:317.47,319.5 1 1
github.com/pders01/fwrd/internal/search/bleve_engine.go:320.4,320.53 1 1
github.com/pders01/fwrd/internal/search/bleve_engine.go:320.53,322.5 1 1
github.com/pders01/fwrd/internal/search/bleve_engine.go:323.4,323.45 1 1
github.com/pders01/fwrd/internal/search/bleve_engine.go:323.45,325.5 1 1
github.com/pders01/fwrd/internal/search/bleve_engine.go:326.4,326.51 1 1
github.com/pders01/fwrd/internal/search/bleve_engine.go:326.51,328.51 2 1
github.com/pders01/fwrd/internal/search/bleve_engine.go:328.51,330.6 1 1
github.com/pders01/fwrd/internal/search/bleve_engine.go:332.4,335.65 3 1
github.com/pders01/fwrd/internal/search/bleve_engine.go:335.65,337.5 1 0
github.com/pders01/fwrd/internal/search/bleve_engine.go:337.10,337.76 1 1
github.com/pders01/fwrd/internal/search/bleve_engine.go:337.76,339.5 1 0
github.com/pders01/fwrd/internal/search/bleve_engine.go:341.3,341.23 1 1
github.com/pders01/fwrd/internal/search/bleve_engine.go:343.2,343.17 1 1
github.com/pders01/fwrd/internal/search/bleve_engine.go:346.98,347.57 1 0
github.com/pders01/fwrd/internal/search/bleve_engine.go:347.57,349.3 1 0
github.com/pders01/fwrd/internal/search/bleve_engine.go:352.2,354.86 3 0
github.com/pders01/fwrd/internal/search/bleve_engine.go:354.86,356.3 1 0
github.com/pders01/fwrd/internal/search/bleve_engine.go:357.2,357.25 1 0
github.com/pders01/fwrd/internal/search/bleve_engine.go:361.86,363.22 2 0
github.com/pders01/fwrd/internal/search/bleve_engine.go:363.22,365.3 1 0
github.com/pders01/fwrd/internal/search/bleve_engine.go:365.8,367.3 1 0
github.com/pders01/fwrd/internal/search/bleve_engine.go:369.2,372.17 2 0
github.com/pders01/fwrd/internal/search/bleve_engine.go:372.17,381.3 2 0
github.com/pders01/fwrd/internal/search/bleve_engine.go:384.2,384.34 1 0
github.com/pders01/fwrd/internal/search/bleve_engine.go:384.34,386.3 1 0
github.com/pders01/fwrd/internal/search/bleve_engine.go:388.2,388.29 1 0
github.com/pders01/fwrd/internal/search/bleve_engine.go:388.29,401.53 3 0
github.com/pders01/fwrd/internal/search/bleve_engine.go:401.53,402.47 1 0
github.com/pders01/fwrd/internal/search/bleve_engine.go:402.47,404.5 1 0
github.com/pders01/fwrd/internal/search/bleve_engine.go:406.4,406.27 1 0
github.com/pders01/fwrd/internal/search/bleve_engine.go:406.27,409.5 2 0
github.com/pders01/fwrd/internal/search/bleve_engine.go:414.2,414.40 1 0
github.com/pders01/fwrd/internal/search/bleve_engine.go:414.40,415.46 1 0
github.com/pders01/fwrd/internal/search/bleve_engine.go:415.46,417.4 1 0
github.com/pders01/fwrd/internal/search/bleve_engine.go:422.47,426.16 4 0
github.com/pders01/fwrd/internal/search/bleve_engine.go:426.16,428.3 1 0
github.com/pders01/fwrd/internal/search/bleve_engine.go:429.2,429.28 1 0
github.com/pders01/fwrd/internal/search/bleve_engine.go:434.52,445.6 6 0
github.com/pders01/fwrd/internal/search/bleve_engine.go:445.6,449.53 4 0
github.com/pders01/fwrd/internal/search/bleve_engine.go:449.53,450.9 1 0
github.com/pders01/fwrd/internal/search/bleve_engine.go:452.3,452.30 1 0
github.com/pders01/fwrd/internal/search/bleve_engine.go:452.30,454.4 1 0
github.com/pders01/fwrd/internal/search/bleve_engine.go:455.3,455.27 1 0
github.com/pders01/fwrd/internal/search/bleve_engine.go:455.27,456.9 1 0
github.com/pders01/fwrd/internal/search/bleve_engine.go:458.3,458.15 1 0
github.com/pders01/fwrd/internal/search/bleve_engine.go:468.36,468.68 1 0
github.com/pders01/fwrd/internal/search/bleve_engine.go:469.37,470.22 1 0
github.com/pders01/fwrd/internal/search/bleve_engine.go:470.22,473.3 2 0
github.com/pders01/fwrd/internal/search/bleve_engine.go:477.37,477.61 1 0
github.com/pders01/fwrd/internal/search/bleve_engine.go:479.43,479.70 1 1
github.com/pders01/fwrd/internal/search/bleve_engine.go:480.43,480.72 1 1
github.com/pders01/fwrd/internal/search/engine.go:30.46,32.2 1 1
github.com/pders01/fwrd/internal/search/engine.go:34.69,35.39 1 1
github.com/pders01/fwrd/internal/search/engine.go:35.39,37.3 1 1
github.com/pders01/fwrd/internal/search/engine.go:39.2,40.21 2 0
github.com/pders01/fwrd/internal/search/engine.go:40.21,42.3 1 0
github.com/pders01/fwrd/internal/search/engine.go:44.2,47.16 3 0
github.com/pders01/fwrd/internal/search/engine.go:47.16,49.3 1 0
github.com/pders01/fwrd/internal/search/engine.go:51.2,51.29 1 0
github.com/pders01/fwrd/internal/search/engine.go:51.29,52.57 1 0
github.com/pders01/fwrd/internal/search/engine.go:52.57,54.4 1 0
github.com/pders01/fwrd/internal/search/engine.go:56.3,57.17 2 0
github.com/pders01/fwrd/internal/search/engine.go:57.17,58.12 1 0
github.com/pders01/fwrd/internal/search/engine.go:61.3,61.36 1 0
github.com/pders01/fwrd/internal/search/engine.go:61.36,62.70 1 0
github.com/pders01/fwrd/internal/search/engine.go:62.70,64.5 1 0
github.com/pders01/fwrd/internal/search/engine.go:68.2,68.42 1 0
github.com/pders01/fwrd/internal/search/engine.go:68.42,70.3 1 0
github.com/pders01/fwrd/internal/search/engine.go:73.2,73.26 1 0
github.com/pders01/fwrd/internal/search/engine.go:73.26,75.3 1 0
github.com/pders01/fwrd/internal/search/engine.go:77.2,77.21 1 0
github.com/pders01/fwrd/internal/search/engine.go:80.93,81.57 1 1
github.com/pders01/fwrd/internal/search/engine.go:81.57,83.3 1 1
github.com/pders01/fwrd/internal/search/engine.go:85.2,86.21 2 1
github.com/pders01/fwrd/internal/search/engine.go:86.21,88.3 1 0
github.com/pders01/fwrd/internal/search/engine.go:90.2,91.68 2 1
github.com/pders01/fwrd/internal/search/engine.go:91.68,93.3 1 1
github.com/pders01/fwrd/internal/search/engine.go:95.2,95.25 1 0
github.com/pders01/fwrd/internal/search/engine.go:98.73,102.72 3 1
github.com/pders01/fwrd/internal/search/engine.go:102.72,109.3 2 1
github.com/pders01/fwrd/internal/search/engine.go:111.2,111.76 1 1
github.com/pders01/fwrd/internal/search/engine.go:111.76,118.3 2 1
github.com/pders01/fwrd/internal/search/engine.go:120.2,120.66 1 1
github.com/pders01/fwrd/internal/search/engine.go:120.66,127.3 2 1
github.com/pders01/fwrd/internal/search/engine.go:129.2,129.20 1 1
github.com/pders01/fwrd/internal/search/engine.go:129.20,136.3 1 1
github.com/pders01/fwrd/internal/search/engine.go:138.2,138.12 1 1
github.com/pders01/fwrd/internal/search/engine.go:142.102,147.75 3 1
github.com/pders01/fwrd/internal/search/engine.go:147.75,154.3 2 1
github.com/pders01/fwrd/internal/search/engine.go:157.2,157.79 1 1
github.com/pders01/fwrd/internal/search/engine.go:157.79,164.3 2 1
github.com/pders01/fwrd/internal/search/engine.go:167.2,167.81 1 1
github.com/pders01/fwrd/internal/search/engine.go:167.81,176.3 3 1
github.com/pders01/fwrd/internal/search/engine.go:179.2,179.33 1 1
github.com/pders01/fwrd/internal/search/engine.go:179.33,184.3 2 0
github.com/pders01/fwrd/internal/search/engine.go:186.2,186.20 1 1
github.com/pders01/fwrd/internal/search/engine.go:186.20,194.3 1 1
github.com/pders01/fwrd/internal/search/engine.go:196.2,196.12 1 1
github.com/pders01/fwrd/internal/search/engine.go:200.82,201.16 1 1
github.com/pders01/fwrd/internal/search/engine.go:201.16,203.3 1 1
github.com/pders01/fwrd/internal/search/engine.go:205.2,211.29 5 1
github.com/pders01/fwrd/internal/search/engine.go:211.29,215.41 2 1
github.com/pders01/fwrd/internal/search/engine.go:215.41,218.4 2 1
github.com/pders01/fwrd/internal/search/engine.go:221.3,221.30 1 1
github.com/pders01/fwrd/internal/search/engine.go:221.30,223.11 2 1
github.com/pders01/fwrd/internal/search/engine.go:224.32,226.19 2 1
github.com/pders01/fwrd/internal/search/engine.go:227.92,229.19 2 1
github.com/pders01/fwrd/internal/search/engine.go:230.48,232.19 2 0
github.com/pders01/fwrd/internal/search/engine.go:238.2,238.40 1 1
github.com/pders01/fwrd/internal/search/engine.go:238.40,240.3 1 1
github.com/pders01/fwrd/internal/search/engine.go:243.2,246.23 3 1
github.com/pders01/fwrd/internal/search/engine.go:250.85,251.16 1 1
github.com/pders01/fwrd/internal/search/engine.go:251.16,253.3 1 1
github.com/pders01/fwrd/internal/search/engine.go:255.2,256.21 2 1
github.com/pders01/fwrd/internal/search/engine.go:256.21,258.3 1 0
github.com/pders01/fwrd/internal/search/engine.go:260.2,264.29 4 1
github.com/pders01/fwrd/internal/search/engine.go:264.29,266.3 1 1
github.com/pders01/fwrd/internal/search/engine.go:269.2,269.46 1 1
github.com/pders01/fwrd/internal/search/engine.go:269.46,273.30 3 1
github.com/pders01/fwrd/internal/search/engine.go:273.30,274.76 1 1
github.com/pders01/fwrd/internal/search/engine.go:274.76,276.5 1 1
github.com/pders01/fwrd/internal/search/engine.go:279.3,279.24 1 1
github.com/pders01/fwrd/internal/search/engine.go:279.24,282.4 2 1
github.com/pders01/fwrd/internal/search/engine.go:285.2,286.37 2 1
github.com/pders01/fwrd/internal/search/engine.go:290.37,294.25 3 1
github.com/pders01/fwrd/internal/search/engine.go:294.25,295.49 1 1
github.com/pders01/fwrd/internal/search/engine.go:295.49,297.4 1 1
github.com/pders01/fwrd/internal/search/engine.go:297.9,297.31 1 1
github.com/pders01/fwrd/internal/search/engine.go:297.31,298.47 1 1
github.com/pders01/fwrd/internal/search/engine.go:298.47,300.5 1 1
github.com/pders01/fwrd/internal/search/engine.go:301.4,301.19 1 1
github.com/pders01/fwrd/internal/search/engine.go:305.2,305.23 1 1
github.com/pders01/fwrd/internal/search/engine.go:305.23,307.3 1 1
github.com/pders01/fwrd/internal/search/engine.go:309.2,309.14 1 1
github.com/pders01/fwrd/internal/search/engine.go:313.47,314.25 1 1
github.com/pders01/fwrd/internal/search/engine.go:314.25,316.3 1 1
github.com/pders01/fwrd/internal/search/engine.go:317.2,317.32 1 1
github.com/pders01/fwrd/internal/search/engine.go:321.51,325.2 1 1
github.com/pders01/fwrd/internal/validation/filepath.go:23.48,35.2 2 1
github.com/pders01/fwrd/internal/validation/filepath.go:38.58,45.2 1 1
github.com/pders01/fwrd/internal/validation/filepath.go:48.78,49.16 1 1
github.com/pders01/fwrd/internal/validation/filepath.go:49.16,51.3 1 1
github.com/pders01/fwrd/internal/validation/filepath.go:54.2,54.33 1 1
github.com/pders01/fwrd/internal/validation/filepath.go:54.33,56.3 1 1
github.com/pders01/fwrd/internal/validation/filepath.go:59.2,59.51 1 1
github.com/pders01/fwrd/internal/validation/filepath.go:59.51,61.3 1 1
github.com/pders01/fwrd/internal/validation/filepath.go:64.2,65.16 2 1
github.com/pders01/fwrd/internal/validation/filepath.go:65.16,67.3 1 1
github.com/pders01/fwrd/internal/validation/filepath.go:70.2,70.60 1 1
github.com/pders01/fwrd/internal/validation/filepath.go:70.60,72.3 1 0
github.com/pders01/fwrd/internal/validation/filepath.go:75.2,75.59 1 1
github.com/pders01/fwrd/internal/validation/filepath.go:75.59,77.3 1 1
github.com/pders01/fwrd/internal/validation/filepath.go:79.2,79.28 1 1
github.com/pders01/fwrd/internal/validation/filepath.go:83.67,85.36 1 1
github.com/pders01/fwrd/internal/validation/filepath.go:85.36,87.3 1 1
github.com/pders01/fwrd/internal/validation/filepath.go:90.2,90.28 1 1
github.com/pders01/fwrd/internal/validation/filepath.go:90.28,91.32 1 1
github.com/pders01/fwrd/internal/validation/filepath.go:91.32,93.4 1 1
github.com/pders01/fwrd/internal/validation/filepath.go:97.2,106.32 3 1
github.com/pders01/fwrd/internal/validation/filepath.go:106.32,107.39 1 1
github.com/pders01/fwrd/internal/validation/filepath.go:107.39,109.4 1 1
github.com/pders01/fwrd/internal/validation/filepath.go:112.2,112.12 1 1
github.com/pders01/fwrd/internal/validation/filepath.go:116.72,118.64 1 1
github.com/pders01/fwrd/internal/validation/filepath.go:118.64,120.17 2 1
github.com/pders01/fwrd/internal/validation/filepath.go:120.17,122.4 1 0
github.com/pders01/fwrd/internal/validation/filepath.go:123.3,123.42 1 1
github.com/pders01/fwrd/internal/validation/filepath.go:124.8,124.41 1 1
github.com/pders01/fwrd/internal/validation/filepath.go:124.41,126.3 1 1
github.com/pders01/fwrd/internal/validation/filepath.go:129.2,129.52 1 1
github.com/pders01/fwrd/internal/validation/filepath.go:129.52,131.17 2 1
github.com/pders01/fwrd/internal/validation/filepath.go:131.17,133.4 1 0
github.com/pders01/fwrd/internal/validation/filepath.go:134.3,134.17 1 1
github.com/pders01/fwrd/internal/validation/filepath.go:138.2,141.55 2 1
github.com/pders01/fwrd/internal/validation/filepath.go:141.55,143.3 1 1
github.com/pders01/fwrd/internal/validation/filepath.go:145.2,145.23 1 1
github.com/pders01/fwrd/internal/validation/filepath.go:149.66,152.39 2 1
github.com/pders01/fwrd/internal/validation/filepath.go:152.39,153.24 1 1
github.com/pders01/fwrd/internal/validation/filepath.go:153.24,155.4 1 1
github.com/pders01/fwrd/internal/validation/filepath.go:156.3,156.48 1 1
github.com/pders01/fwrd/internal/validation/filepath.go:156.48,158.4 1 1
github.com/pders01/fwrd/internal/validation/filepath.go:160.2,160.12 1 1
github.com/pders01/fwrd/internal/validation/filepath.go:164.65,166.33 1 1
github.com/pders01/fwrd/internal/validation/filepath.go:166.33,168.3 1 1
github.com/pders01/fwrd/internal/validation/filepath.go:171.2,172.27 2 1
github.com/pders01/fwrd/internal/validation/filepath.go:172.27,175.17 3 0
github.com/pders01/fwrd/internal/validation/filepath.go:175.17,177.4 1 0
github.com/pders01/fwrd/internal/validation/filepath.go:181.2,181.44 1 1
github.com/pders01/fwrd/internal/validation/filepath.go:181.44,183.17 2 1
github.com/pders01/fwrd/internal/validation/filepath.go:183.17,184.12 1 0
github.com/pders01/fwrd/internal/validation/filepath.go:188.3,189.17 2 1
github.com/pders01/fwrd/internal/validation/filepath.go:189.17,190.12 1 0
github.com/pders01/fwrd/internal/validation/filepath.go:194.3,194.40 1 1
github.com/pders01/fwrd/internal/validation/filepath.go:194.40,196.4 1 1
github.com/pders01/fwrd/internal/validation/filepath.go:199.2,199.81 1 1
github.com/pders01/fwrd/internal/validation/filepath.go:203.99,205.16 2 1
github.com/pders01/fwrd/internal/validation/filepath.go:205.16,207.3 1 1
github.com/pders01/fwrd/internal/validation/filepath.go:210.2,211.16 2 1
github.com/pders01/fwrd/internal/validation/filepath.go:211.16,212.25 1 1
github.com/pders01/fwrd/internal/validation/filepath.go:212.25,213.24 1 1
github.com/pders01/fwrd/internal/validation/filepath.go:213.24,215.65 1 1
github.com/pders01/fwrd/internal/validation/filepath.go:215.65,217.6 1 0
github.com/pders01/fwrd/internal/validation/filepath.go:218.10,222.5 1 1
github.com/pders01/fwrd/internal/validation/filepath.go:223.9,225.4 1 0
github.com/pders01/fwrd/internal/validation/filepath.go:226.8,228.20 1 1
github.com/pders01/fwrd/internal/validation/filepath.go:228.20,230.4 1 0
github.com/pders01/fwrd/internal/validation/filepath.go:233.2,233.27 1 1
github.com/pders01/fwrd/internal/validation/filepath.go:237.71,239.16 2 1
github.com/pders01/fwrd/internal/validation/filepath.go:239.16,241.3 1 1
github.com/pders01/fwrd/internal/validation/filepath.go:244.2,246.54 2 1
github.com/pders01/fwrd/internal/validation/filepath.go:246.54,248.3 1 0
github.com/pders01/fwrd/internal/validation/filepath.go:251.2,251.53 1 1
github.com/pders01/fwrd/internal/validation/filepath.go:251.53,252.19 1 1
github.com/pders01/fwrd/internal/validation/filepath.go:252.19,254.4 1 1
github.com/pders01/fwrd/internal/validation/filepath.go:257.2,257.27 1 1
github.com/pders01/fwrd/internal/validation/filepath.go:261.35,263.36 1 1
github.com/pders01/fwrd/internal/validation/filepath.go:263.36,265.3 1 1
github.com/pders01/fwrd/internal/validation/filepath.go:266.2,266.69 1 1
github.com/pders01/fwrd/internal/validation/filepath.go:266.69,268.3 1 1
github.com/pders01/fwrd/internal/validation/filepath.go:269.2,269.22 1 1
github.com/pders01/fwrd/internal/validation/filepath.go:269.22,271.3 1 1
github.com/pders01/fwrd/internal/validation/filepath.go:272.2,272.13 1 1
github.com/pders01/fwrd/internal/validation/paths.go:14.42,18.2 1 1
github.com/pders01/fwrd/internal/validation/paths.go:21.46,25.2 1 1
github.com/pders01/fwrd/internal/validation/paths.go:28.75,30.2 1 1
github.com/pders01/fwrd/internal/validation/paths.go:33.73,34.20 1 1
github.com/pders01/fwrd/internal/validation/paths.go:34.20,37.17 2 1
github.com/pders01/fwrd/internal/validation/paths.go:37.17,39.4 1 0
github.com/pders01/fwrd/internal/validation/paths.go:40.3,40.56 1 1
github.com/pders01/fwrd/internal/validation/paths.go:43.2,43.44 1 1
github.com/pders01/fwrd/internal/validation/paths.go:47.77,48.20 1 1
github.com/pders01/fwrd/internal/validation/paths.go:48.20,51.17 2 1
github.com/pders01/fwrd/internal/validation/paths.go:51.17,53.4 1 0
github.com/pders01/fwrd/internal/validation/paths.go:54.3,54.70 1 1
github.com/pders01/fwrd/internal/validation/paths.go:57.2,57.44 1 1
github.com/pders01/fwrd/internal/validation/paths.go:61.76,62.20 1 1
github.com/pders01/fwrd/internal/validation/paths.go:62.20,65.17 2 1
github.com/pders01/fwrd/internal/validation/paths.go:65.17,67.4 1 0
github.com/pders01/fwrd/internal/validation/paths.go:68.3,68.60 1 1
github.com/pders01/fwrd/internal/validation/paths.go:72.2,72.56 1 1
github.com/pders01/fwrd/internal/validation/paths.go:76.75,78.2 1 1
github.com/pders01/fwrd/internal/validation/url.go:21.46,27.2 1 1
github.com/pders01/fwrd/internal/validation/url.go:30.56,36.2 1 1
github.com/pders01/fwrd/internal/validation/url.go:39.79,43.17 2 1
github.com/pders01/fwrd/internal/validation/url.go:43.17,45.3 1 1
github.com/pders01/fwrd/internal/validation/url.go:46.2,46.30 1 1
github.com/pders01/fwrd/internal/validation/url.go:46.30,48.3 1 1
github.com/pders01/fwrd/internal/validation/url.go:51.2,51.42 1 1
github.com/pders01/fwrd/internal/validation/url.go:51.42,53.3 1 1
github.com/pders01/fwrd/internal/validation/url.go:56.2,56.83 1 1
github.com/pders01/fwrd/internal/validation/url.go:56.83,58.3 1 1
github.com/pders01/fwrd/internal/validation/url.go:61.2,62.16 2 1
github.com/pders01/fwrd/internal/validation/url.go:62.16,64.3 1 0
github.com/pders01/fwrd/internal/validation/url.go:67.2,67.63 1 1
github.com/pders01/fwrd/internal/validation/url.go:67.63,69.3 1 0
github.com/pders01/fwrd/internal/validation/url.go:72.2,72.26 1 1
github.com/pders01/fwrd/internal/validation/url.go:72.26,74.3 1 1
github.com/pders01/fwrd/internal/validation/url.go:77.2,77.63 1 1
github.com/pders01/fwrd/internal/validation/url.go:77.63,79.3 1 1
github.com/pders01/fwrd/internal/validation/url.go:82.2,82.58 1 1
github.com/pders01/fwrd/internal/validation/url.go:82.58,84.3 1 1
github.com/pders01/fwrd/internal/validation/url.go:86.2,86.32 1 1
github.com/pders01/fwrd/internal/validation/url.go:90.68,93.33 2 1
github.com/pders01/fwrd/internal/validation/url.go:93.33,96.17 3 1
github.com/pders01/fwrd/internal/validation/url.go:96.17,98.4 1 1
github.com/pders01/fwrd/internal/validation/url.go:102.2,102.48 1 1
github.com/pders01/fwrd/internal/validation/url.go:102.48,104.3 1 1
github.com/pders01/fwrd/internal/validation/url.go:107.2,107.24 1 1
github.com/pders01/fwrd/internal/validation/url.go:107.24,108.64 1 1
github.com/pders01/fwrd/internal/validation/url.go:108.64,110.4 1 1
github.com/pders01/fwrd/internal/validation/url.go:114.2,114.36 1 1
github.com/pders01/fwrd/internal/validation/url.go:114.36,116.3 1 1
github.com/pders01/fwrd/internal/validation/url.go:118.2,118.12 1 1
github.com/pders01/fwrd/internal/validation/url.go:122.75,124.44 1 1
github.com/pders01/fwrd/internal/validation/url.go:124.44,126.3 1 1
github.com/pders01/fwrd/internal/validation/url.go:129.2,129.108 1 1
github.com/pders01/fwrd/internal/validation/url.go:129.108,131.3 1 1
github.com/pders01/fwrd/internal/validation/url.go:133.2,133.12 1 1
github.com/pders01/fwrd/internal/validation/url.go:137.40,142.2 1 1
github.com/pders01/fwrd/internal/validation/url.go:145.34,159.31 2 1
github.com/pders01/fwrd/internal/validation/url.go:159.31,161.41 2 1
github.com/pders01/fwrd/internal/validation/url.go:161.41,163.4 1 1
github.com/pders01/fwrd/internal/validation/url.go:167.2,167.21 1 1
github.com/pders01/fwrd/internal/validation/url.go:167.21,176.3 1 1
github.com/pders01/fwrd/internal/validation/url.go:178.2,178.14 1 1
github.com/pders01/fwrd/internal/validation/url.go:182.49,192.33 3 1
github.com/pders01/fwrd/internal/validation/url.go:192.33,193.22 1 1
github.com/pders01/fwrd/internal/validation/url.go:193.22,195.4 1 1
github.com/pders01/fwrd/internal/validation/url.go:200.2,200.60 1 1
github.com/pders01/fwrd/internal/validation/url.go:200.60,202.35 1 1
github.com/pders01/fwrd/internal/validation/url.go:202.35,204.4 1 1
github.com/pders01/fwrd/internal/validation/url.go:206.3,208.30 3 1
github.com/pders01/fwrd/internal/validation/url.go:208.30,209.43 1 1
github.com/pders01/fwrd/internal/validation/url.go:209.43,211.10 2 0
github.com/pders01/fwrd/internal/validation/url.go:214.3,214.17 1 1
github.com/pders01/fwrd/internal/validation/url.go:214.17,216.4 1 1
github.com/pders01/fwrd/internal/validation/url.go:219.2,219.14 1 1
github.com/pders01/fwrd/internal/validation/url.go:223.33,224.25 1 1
github.com/pders01/fwrd/internal/validation/url.go:224.25,225.102 1 1
github.com/pders01/fwrd/internal/validation/url.go:225.102,227.4 1 1
github.com/pders01/fwrd/internal/validation/url.go:229.2,229.13 1 1
github.com/pders01/fwrd/internal/media/launcher.go:32.48,34.16 2 1
github.com/pders01/fwrd/internal/media/launcher.go:34.16,37.3 1 0
github.com/pders01/fwrd/internal/media/launcher.go:39.2,40.16 2 1
github.com/pders01/fwrd/internal/media/launcher.go:40.16,43.3 1 0
github.com/pders01/fwrd/internal/media/launcher.go:46.2,47.25 2 1
github.com/pders01/fwrd/internal/media/launcher.go:47.25,49.3 1 0
github.com/pders01/fwrd/internal/media/launcher.go:51.2,59.22 3 1
github.com/pders01/fwrd/internal/media/launcher.go:60.16,61.29 1 1
github.com/pders01/fwrd/internal/media/launcher.go:62.15,63.28 1 0
github.com/pders01/fwrd/internal/media/launcher.go:64.17,65.30 1 0
github.com/pders01/fwrd/internal/media/launcher.go:66.10,67.29 1 0
github.com/pders01/fwrd/internal/media/launcher.go:70.2,70.28 1 1
github.com/pders01/fwrd/internal/media/launcher.go:70.28,72.3 1 1
github.com/pders01/fwrd/internal/media/launcher.go:73.2,73.28 1 1
github.com/pders01/fwrd/internal/media/launcher.go:73.28,75.3 1 1
github.com/pders01/fwrd/internal/media/launcher.go:76.2,76.28 1 1
github.com/pders01/fwrd/internal/media/launcher.go:76.28,78.3 1 1
github.com/pders01/fwrd/internal/media/launcher.go:79.2,79.26 1 1
github.com/pders01/fwrd/internal/media/launcher.go:79.26,81.3 1 1
github.com/pders01/fwrd/internal/media/launcher.go:83.2,83.25 1 1
github.com/pders01/fwrd/internal/media/launcher.go:83.25,85.3 1 0
github.com/pders01/fwrd/internal/media/launcher.go:86.2,86.25 1 1
github.com/pders01/fwrd/internal/media/launcher.go:86.25,88.3 1 0
github.com/pders01/fwrd/internal/media/launcher.go:89.2,89.25 1 1
github.com/pders01/fwrd/internal/media/launcher.go:89.25,91.3 1 0
github.com/pders01/fwrd/internal/media/launcher.go:92.2,92.23 1 1
github.com/pders01/fwrd/internal/media/launcher.go:92.23,94.3 1 0
github.com/pders01/fwrd/internal/media/launcher.go:96.2,96.10 1 1
github.com/pders01/fwrd/internal/media/launcher.go:99.43,103.19 3 1
github.com/pders01/fwrd/internal/media/launcher.go:104.17,105.26 1 1
github.com/pders01/fwrd/internal/media/launcher.go:105.26,107.4 1 1
github.com/pders01/fwrd/internal/media/launcher.go:108.3,108.29 1 1
github.com/pders01/fwrd/internal/media/launcher.go:109.17,110.26 1 1
github.com/pders01/fwrd/internal/media/launcher.go:110.26,112.4 1 0
github.com/pders01/fwrd/internal/media/launcher.go:113.3,113.29 1 1
github.com/pders01/fwrd/internal/media/launcher.go:114.17,115.26 1 1
github.com/pders01/fwrd/internal/media/launcher.go:115.26,117.4 1 0
github.com/pders01/fwrd/internal/media/launcher.go:118.3,118.29 1 1
github.com/pders01/fwrd/internal/media/launcher.go:119.15,120.24 1 1
github.com/pders01/fwrd/internal/media/launcher.go:120.24,122.4 1 0
github.com/pders01/fwrd/internal/media/launcher.go:123.3,123.27 1 1
github.com/pders01/fwrd/internal/media/launcher.go:124.10,127.23 2 1
github.com/pders01/fwrd/internal/media/launcher.go:127.23,129.4 1 0
github.com/pders01/fwrd/internal/media/launcher.go:133.2,133.22 1 1
github.com/pders01/fwrd/internal/media/launcher.go:133.22,135.3 1 0
github.com/pders01/fwrd/internal/media/launcher.go:137.2,138.16 2 1
github.com/pders01/fwrd/internal/media/launcher.go:138.16,140.3 1 0
github.com/pders01/fwrd/internal/media/launcher.go:143.2,143.36 1 1
github.com/pders01/fwrd/internal/media/launcher.go:143.36,145.3 1 0
github.com/pders01/fwrd/internal/media/launcher.go:147.2,147.12 1 1
github.com/pders01/fwrd/internal/media/launcher.go:147.12,149.3 1 1
github.com/pders01/fwrd/internal/media/launcher.go:151.2,151.12 1 1
github.com/pders01/fwrd/internal/media/launcher.go:154.45,155.31 1 1
github.com/pders01/fwrd/internal/media/launcher.go:155.31,156.47 1 1
github.com/pders01/fwrd/internal/media/launcher.go:156.47,158.4 1 1
github.com/pders01/fwrd/internal/media/launcher.go:160.2,160.11 1 1
github.com/pders01/fwrd/internal/media/media_types.go:35.47,37.64 2 1
github.com/pders01/fwrd/internal/media/media_types.go:37.64,39.3 1 0
github.com/pders01/fwrd/internal/media/media_types.go:41.2,41.44 1 1
github.com/pders01/fwrd/internal/media/media_types.go:44.52,50.53 4 1
github.com/pders01/fwrd/internal/media/media_types.go:50.53,52.50 2 1
github.com/pders01/fwrd/internal/media/media_types.go:52.50,54.4 1 1
github.com/pders01/fwrd/internal/media/media_types.go:55.3,55.50 1 1
github.com/pders01/fwrd/internal/media/media_types.go:55.50,57.4 1 0
github.com/pders01/fwrd/internal/media/media_types.go:61.2,61.15 1 1
github.com/pders01/fwrd/internal/media/media_types.go:61.15,62.53 1 1
github.com/pders01/fwrd/internal/media/media_types.go:62.53,64.4 1 1
github.com/pders01/fwrd/internal/media/media_types.go:65.3,65.53 1 1
github.com/pders01/fwrd/internal/media/media_types.go:65.53,67.4 1 1
github.com/pders01/fwrd/internal/media/media_types.go:68.3,68.53 1 1
github.com/pders01/fwrd/internal/media/media_types.go:68.53,70.4 1 1
github.com/pders01/fwrd/internal/media/media_types.go:71.3,71.51 1 1
github.com/pders01/fwrd/internal/media/media_types.go:71.51,73.4 1 1
github.com/pders01/fwrd/internal/media/media_types.go:77.2,77.11 1 1
github.com/pders01/fwrd/internal/media/media_types.go:77.11,78.58 1 1
github.com/pders01/fwrd/internal/media/media_types.go:78.58,80.4 1 1
github.com/pders01/fwrd/internal/media/media_types.go:81.3,81.58 1 1
github.com/pders01/fwrd/internal/media/media_types.go:81.58,83.4 1 0
github.com/pders01/fwrd/internal/media/media_types.go:84.3,84.58 1 1
github.com/pders01/fwrd/internal/media/media_types.go:84.58,86.4 1 0
github.com/pders01/fwrd/internal/media/media_types.go:87.3,87.56 1 1
github.com/pders01/fwrd/internal/media/media_types.go:87.56,89.4 1 0
github.com/pders01/fwrd/internal/media/media_types.go:92.2,92.20 1 1
github.com/pders01/fwrd/internal/media/media_types.go:95.50,97.60 2 1
github.com/pders01/fwrd/internal/media/media_types.go:97.60,99.3 1 1
github.com/pders01/fwrd/internal/media/media_types.go:101.2,101.56 1 0
github.com/pders01/fwrd/internal/media/media_types.go:101.56,103.3 1 0
github.com/pders01/fwrd/internal/media/media_types.go:104.2,104.15 1 0
github.com/pders01/fwrd/internal/media/media_types.go:107.75,108.31 1 1
github.com/pders01/fwrd/internal/media/media_types.go:108.31,109.15 1 1
github.com/pders01/fwrd/internal/media/media_types.go:109.15,111.4 1 1
github.com/pders01/fwrd/internal/media/media_types.go:113.2,113.14 1 1
github.com/pders01/fwrd/internal/media/media_types.go:116.75,117.35 1 1
github.com/pders01/fwrd/internal/media/media_types.go:117.35,118.37 1 1
github.com/pders01/fwrd/internal/media/media_types.go:118.37,120.4 1 1
github.com/pders01/fwrd/internal/media/media_types.go:122.2,122.14 1 1
github.com/pders01/fwrd/internal/media/player_config.go:41.51,43.61 2 1
github.com/pders01/fwrd/internal/media/player_config.go:43.61,45.3 1 0
github.com/pders01/fwrd/internal/media/player_config.go:47.2,53.22 3 1
github.com/pders01/fwrd/internal/media/player_config.go:56.43,62.35 2 1
github.com/pders01/fwrd/internal/media/player_config.go:62.35,63.41 1 1
github.com/pders01/fwrd/internal/media/player_config.go:63.41,64.49 1 1
github.com/pders01/fwrd/internal/media/player_config.go:64.49,66.5 1 1
github.com/pders01/fwrd/internal/media/player_config.go:69.3,69.49 1 1
github.com/pders01/fwrd/internal/media/player_config.go:69.49,71.60 2 1
github.com/pders01/fwrd/internal/media/player_config.go:71.60,72.47 1 1
github.com/pders01/fwrd/internal/media/player_config.go:72.47,74.6 1 1
github.com/pders01/fwrd/internal/media/player_config.go:80.103,82.13 2 1
github.com/pders01/fwrd/internal/media/player_config.go:82.13,84.3 1 1
github.com/pders01/fwrd/internal/media/player_config.go:86.2,87.37 2 1
github.com/pders01/fwrd/internal/media/player_config.go:87.37,88.24 1 1
github.com/pders01/fwrd/internal/media/player_config.go:88.24,90.9 2 1
github.com/pders01/fwrd/internal/media/player_config.go:94.2,94.23 1 1
github.com/pders01/fwrd/internal/media/player_config.go:94.23,96.3 1 0
github.com/pders01/fwrd/internal/media/player_config.go:98.2,99.19 2 1
github.com/pders01/fwrd/internal/media/player_config.go:100.17,101.24 1 1
github.com/pders01/fwrd/internal/media/player_config.go:102.17,103.24 1 1
github.com/pders01/fwrd/internal/media/player_config.go:104.17,105.24 1 1
github.com/pders01/fwrd/internal/media/player_config.go:106.15,107.22 1 0
github.com/pders01/fwrd/internal/media/player_config.go:110.2,110.19 1 1
github.com/pders01/fwrd/internal/media/player_config.go:110.19,112.3 1 1
github.com/pders01/fwrd/internal/media/player_config.go:114.2,117.47 3 1
github.com/pders01/fwrd/internal/media/player_config.go:120.74,121.19 1 1
github.com/pders01/fwrd/internal/media/player_config.go:121.19,123.3 1 1
github.com/pders01/fwrd/internal/media/player_config.go:125.2,125.22 1 1
github.com/pders01/fwrd/internal/media/player_config.go:126.16,127.33 1 1
github.com/pders01/fwrd/internal/media/player_config.go:127.33,129.4 1 1
github.com/pders01/fwrd/internal/media/player_config.go:130.15,131.32 1 0
github.com/pders01/fwrd/internal/media/player_config.go:131.32,133.4 1 0
github.com/pders01/fwrd/internal/media/player_config.go:134.17,135.34 1 0
github.com/pders01/fwrd/internal/media/player_config.go:135.34,137.4 1 0
github.com/pders01/fwrd/internal/media/player_config.go:140.2,140.20 1 1
github.com/pders01/fwrd/internal/media/player_config.go:143.68,146.2 2 1
github.com/pders01/fwrd/internal/media/player_config.go:148.71,149.33 1 1
github.com/pders01/fwrd/internal/media/player_config.go:149.33,150.34 1 1
github.com/pders01/fwrd/internal/media/player_config.go:150.34,152.4 1 1
github.com/pders01/fwrd/internal/media/player_config.go:154.2,154.11 1 1
github.com/pders01/fwrd/internal/tui/app.go:78.60,143.19 33 1
github.com/pders01/fwrd/internal/tui/app.go:143.19,146.10 2 1
github.com/pders01/fwrd/internal/tui/app.go:147.21,148.26 1 0
github.com/pders01/fwrd/internal/tui/app.go:149.29,151.100 1 1
github.com/pders01/fwrd/internal/tui/app.go:152.11,154.29 2 0
github.com/pders01/fwrd/internal/tui/app.go:158.2,159.79 2 1
github.com/pders01/fwrd/internal/tui/app.go:159.79,163.3 3 1
github.com/pders01/fwrd/internal/tui/app.go:163.8,168.3 4 0
github.com/pders01/fwrd/internal/tui/app.go:170.2,178.12 6 1
github.com/pders01/fwrd/internal/tui/app.go:182.43,183.22 1 0
github.com/pders01/fwrd/internal/tui/app.go:183.22,185.3 1 0
github.com/pders01/fwrd/internal/tui/app.go:188.60,190.38 2 0
github.com/pders01/fwrd/internal/tui/app.go:190.38,192.3 1 0
github.com/pders01/fwrd/internal/tui/app.go:193.2,193.38 1 0
github.com/pders01/fwrd/internal/tui/app.go:193.38,195.3 1 0
github.com/pders01/fwrd/internal/tui/app.go:196.2,196.37 1 0
github.com/pders01/fwrd/internal/tui/app.go:196.37,198.37 2 0
github.com/pders01/fwrd/internal/tui/app.go:198.37,200.4 1 0
github.com/pders01/fwrd/internal/tui/app.go:203.2,203.93 1 0
github.com/pders01/fwrd/internal/tui/app.go:203.93,208.17 2 0
github.com/pders01/fwrd/internal/tui/app.go:208.17,210.4 1 0
github.com/pders01/fwrd/internal/tui/app.go:211.3,212.34 2 0
github.com/pders01/fwrd/internal/tui/app.go:215.2,215.31 1 0
github.com/pders01/fwrd/internal/tui/app.go:218.21,219.11 1 0
github.com/pders01/fwrd/internal/tui/app.go:219.11,221.3 1 0
github.com/pders01/fwrd/internal/tui/app.go:222.2,222.10 1 0
github.com/pders01/fwrd/internal/tui/app.go:225.30,230.2 1 0
github.com/pders01/fwrd/internal/tui/app.go:232.56,238.37 4 1
github.com/pders01/fwrd/internal/tui/app.go:238.37,240.3 1 0
github.com/pders01/fwrd/internal/tui/app.go:242.2,242.27 1 1
github.com/pders01/fwrd/internal/tui/app.go:243.25,250.27 6 0
github.com/pders01/fwrd/internal/tui/app.go:250.27,252.4 1 0
github.com/pders01/fwrd/internal/tui/app.go:253.3,259.22 6 0
github.com/pders01/fwrd/internal/tui/app.go:259.22,261.4 1 0
github.com/pders01/fwrd/internal/tui/app.go:262.3,262.33 1 0
github.com/pders01/fwrd/internal/tui/app.go:264.18,265.37 1 1
github.com/pders01/fwrd/internal/tui/app.go:267.22,270.31 3 0
github.com/pders01/fwrd/internal/tui/app.go:270.31,272.4 1 0
github.com/pders01/fwrd/internal/tui/app.go:273.3,273.29 1 0
github.com/pders01/fwrd/internal/tui/app.go:275.25,276.29 1 0
github.com/pders01/fwrd/internal/tui/app.go:276.29,279.37 3 0
github.com/pders01/fwrd/internal/tui/app.go:279.37,281.5 1 0
github.com/pders01/fwrd/internal/tui/app.go:282.4,282.33 1 0
github.com/pders01/fwrd/internal/tui/app.go:285.26,286.27 1 0
github.com/pders01/fwrd/internal/tui/app.go:286.27,291.4 4 0
github.com/pders01/fwrd/internal/tui/app.go:293.20,294.21 1 0
github.com/pders01/fwrd/internal/tui/app.go:294.21,296.4 1 0
github.com/pders01/fwrd/internal/tui/app.go:296.9,301.4 4 0
github.com/pders01/fwrd/internal/tui/app.go:302.22,303.21 1 0
github.com/pders01/fwrd/internal/tui/app.go:303.21,305.4 1 0
github.com/pders01/fwrd/internal/tui/app.go:305.9,311.4 5 0
github.com/pders01/fwrd/internal/tui/app.go:313.22,314.21 1 0
github.com/pders01/fwrd/internal/tui/app.go:314.21,316.4 1 0
github.com/pders01/fwrd/internal/tui/app.go:316.9,322.4 5 0
github.com/pders01/fwrd/internal/tui/app.go:324.22,327.18 2 0
github.com/pders01/fwrd/internal/tui/app.go:329.24,330.27 1 0
github.com/pders01/fwrd/internal/tui/app.go:330.27,333.39 3 0
github.com/pders01/fwrd/internal/tui/app.go:333.39,335.5 1 0
github.com/pders01/fwrd/internal/tui/app.go:336.4,340.18 3 0
github.com/pders01/fwrd/internal/tui/app.go:340.18,342.5 1 0
github.com/pders01/fwrd/internal/tui/app.go:342.10,344.5 1 0
github.com/pders01/fwrd/internal/tui/app.go:347.29,349.29 1 0
github.com/pders01/fwrd/internal/tui/app.go:349.29,351.18 2 0
github.com/pders01/fwrd/internal/tui/app.go:351.18,353.64 1 0
github.com/pders01/fwrd/internal/tui/app.go:353.64,355.6 1 0
github.com/pders01/fwrd/internal/tui/app.go:355.11,357.6 1 0
github.com/pders01/fwrd/internal/tui/app.go:361.16,364.23 2 0
github.com/pders01/fwrd/internal/tui/app.go:364.23,367.4 2 0
github.com/pders01/fwrd/internal/tui/app.go:370.2,370.16 1 0
github.com/pders01/fwrd/internal/tui/app.go:371.17,374.27 3 0
github.com/pders01/fwrd/internal/tui/app.go:375.20,378.27 3 0
github.com/pders01/fwrd/internal/tui/app.go:379.18,382.27 3 0
github.com/pders01/fwrd/internal/tui/app.go:383.19,386.27 3 0
github.com/pders01/fwrd/internal/tui/app.go:387.25,387.25 0 0
github.com/pders01/fwrd/internal/tui/app.go:388.18,395.31 6 0
github.com/pders01/fwrd/internal/tui/app.go:396.17,399.27 3 0
github.com/pders01/fwrd/internal/tui/app.go:402.2,402.30 1 0
github.com/pders01/fwrd/internal/tui/app.go:405.29,408.16 2 0
github.com/pders01/fwrd/internal/tui/app.go:409.17,410.24 1 0
github.com/pders01/fwrd/internal/tui/app.go:410.24,412.4 1 0
github.com/pders01/fwrd/internal/tui/app.go:412.9,415.4 2 0
github.com/pders01/fwrd/internal/tui/app.go:416.20,418.27 2 0
github.com/pders01/fwrd/internal/tui/app.go:418.27,421.16 2 0
github.com/pders01/fwrd/internal/tui/app.go:421.16,423.5 1 0
github.com/pders01/fwrd/internal/tui/app.go:424.4,424.47 1 0
github.com/pders01/fwrd/internal/tui/app.go:426.3,427.78 2 0
github.com/pders01/fwrd/internal/tui/app.go:428.18,429.23 1 0
github.com/pders01/fwrd/internal/tui/app.go:429.23,431.4 1 0
github.com/pders01/fwrd/internal/tui/app.go:431.9,433.4 1 0
github.com/pders01/fwrd/internal/tui/app.go:434.19,445.54 4 0
github.com/pders01/fwrd/internal/tui/app.go:446.22,449.28 2 0
github.com/pders01/fwrd/internal/tui/app.go:449.28,451.21 2 0
github.com/pders01/fwrd/internal/tui/app.go:451.21,453.5 1 0
github.com/pders01/fwrd/internal/tui/app.go:455.3,467.54 4 0
github.com/pders01/fwrd/internal/tui/app.go:468.25,470.28 2 0
github.com/pders01/fwrd/internal/tui/app.go:470.28,472.22 2 0
github.com/pders01/fwrd/internal/tui/app.go:472.22,474.5 1 0
github.com/pders01/fwrd/internal/tui/app.go:477.3,478.34 2 0
github.com/pders01/fwrd/internal/tui/app.go:478.34,480.34 2 0
github.com/pders01/fwrd/internal/tui/app.go:480.34,482.5 1 0
github.com/pders01/fwrd/internal/tui/app.go:485.3,501.54 4 0
github.com/pders01/fwrd/internal/tui/app.go:502.18,507.62 3 0
github.com/pders01/fwrd/internal/tui/app.go:507.62,509.4 1 0
github.com/pders01/fwrd/internal/tui/app.go:510.3,510.56 1 0
github.com/pders01/fwrd/internal/tui/app.go:510.56,512.4 1 0
github.com/pders01/fwrd/internal/tui/app.go:512.9,514.4 1 0
github.com/pders01/fwrd/internal/tui/app.go:516.3,523.10 5 0
github.com/pders01/fwrd/internal/tui/app.go:524.32,525.66 1 0
github.com/pders01/fwrd/internal/tui/app.go:526.38,527.89 1 0
github.com/pders01/fwrd/internal/tui/app.go:528.11,529.71 1 0
github.com/pders01/fwrd/internal/tui/app.go:532.3,542.70 2 0
github.com/pders01/fwrd/internal/tui/app.go:543.17,544.31 1 0
github.com/pders01/fwrd/internal/tui/app.go:547.2,549.24 3 0
github.com/pders01/fwrd/internal/tui/app.go:549.24,551.3 1 0
github.com/pders01/fwrd/internal/tui/app.go:552.2,554.78 2 0
github.com/pders01/fwrd/internal/tui/app.go:557.43,559.18 1 0
github.com/pders01/fwrd/internal/tui/app.go:559.18,565.3 2 0
github.com/pders01/fwrd/internal/tui/app.go:568.2,568.21 1 0
github.com/pders01/fwrd/internal/tui/app.go:568.21,571.18 3 0
github.com/pders01/fwrd/internal/tui/app.go:571.18,573.4 1 0
github.com/pders01/fwrd/internal/tui/app.go:574.3,578.15 3 0
github.com/pders01/fwrd/internal/tui/app.go:582.2,582.60 1 0
github.com/pders01/fwrd/internal/tui/app.go:582.60,588.3 3 0
github.com/pders01/fwrd/internal/tui/app.go:590.2,592.23 3 0
github.com/pders01/fwrd/internal/tui/app.go:592.23,594.3 1 0
github.com/pders01/fwrd/internal/tui/app.go:595.2,597.22 1 0
github.com/pders01/fwrd/internal/tui/app.go:601.55,603.2 1 1
github.com/pders01/fwrd/internal/tui/app.go:606.80,611.31 4 1
github.com/pders01/fwrd/internal/tui/app.go:611.31,613.3 1 1
github.com/pders01/fwrd/internal/tui/app.go:614.2,614.35 1 1
github.com/pders01/fwrd/internal/tui/app.go:618.50,620.2 1 1
github.com/pders01/fwrd/internal/tui/app.go:623.29,626.2 2 0
github.com/pders01/fwrd/internal/tui/app.go:629.75,634.2 4 1
github.com/pders01/fwrd/internal/tui/app.go:637.59,638.14 1 0
github.com/pders01/fwrd/internal/tui/app.go:639.21,640.28 1 0
github.com/pders01/fwrd/internal/tui/app.go:641.18,642.25 1 0
github.com/pders01/fwrd/internal/tui/app.go:643.19,644.26 1 0
github.com/pders01/fwrd/internal/tui/app.go:645.10,646.25 1 0
github.com/pders01/fwrd/internal/tui/app.go:651.46,652.28 1 0
github.com/pders01/fwrd/internal/tui/app.go:653.15,654.49 1 0
github.com/pders01/fwrd/internal/tui/app.go:655.15,656.46 1 0
github.com/pders01/fwrd/internal/tui/app.go:657.10,658.48 1 0
github.com/pders01/fwrd/internal/tui/app.go:666.40,666.63 1 0
github.com/pders01/fwrd/internal/tui/app.go:667.40,667.69 1 0
github.com/pders01/fwrd/internal/tui/app.go:668.40,668.63 1 0
github.com/pders01/fwrd/internal/tui/app.go:674.37,675.20 1 0
github.com/pders01/fwrd/internal/tui/app.go:675.20,677.3 1 0
github.com/pders01/fwrd/internal/tui/app.go:678.2,678.57 1 0
github.com/pders01/fwrd/internal/tui/app.go:681.43,684.24 3 0
github.com/pders01/fwrd/internal/tui/app.go:684.24,685.32 1 0
github.com/pders01/fwrd/internal/tui/app.go:685.32,687.4 1 0
github.com/pders01/fwrd/internal/tui/app.go:690.2,691.35 2 0
github.com/pders01/fwrd/internal/tui/app.go:691.35,693.3 1 0
github.com/pders01/fwrd/internal/tui/app.go:695.2,695.36 1 0
github.com/pders01/fwrd/internal/tui/app.go:698.43,698.69 1 0
github.com/pders01/fwrd/internal/tui/app.go:706.42,707.17 1 0
github.com/pders01/fwrd/internal/tui/app.go:707.17,709.21 2 0
github.com/pders01/fwrd/internal/tui/app.go:709.21,711.4 1 0
github.com/pders01/fwrd/internal/tui/app.go:712.3,712.58 1 0
github.com/pders01/fwrd/internal/tui/app.go:715.2,715.54 1 0
github.com/pders01/fwrd/internal/tui/app.go:718.48,719.17 1 0
github.com/pders01/fwrd/internal/tui/app.go:719.17,724.32 3 0
github.com/pders01/fwrd/internal/tui/app.go:724.32,726.4 1 0
github.com/pders01/fwrd/internal/tui/app.go:729.3,730.20 2 0
github.com/pders01/fwrd/internal/tui/app.go:730.20,732.22 2 0
github.com/pders01/fwrd/internal/tui/app.go:732.22,734.5 1 0
github.com/pders01/fwrd/internal/tui/app.go:737.3,738.36 2 0
github.com/pders01/fwrd/internal/tui/app.go:738.36,740.4 1 0
github.com/pders01/fwrd/internal/tui/app.go:742.3,742.73 1 0
github.com/pders01/fwrd/internal/tui/app.go:745.2,746.25 2 0
github.com/pders01/fwrd/internal/tui/app.go:749.48,750.17 1 0
github.com/pders01/fwrd/internal/tui/app.go:750.17,752.3 1 0
github.com/pders01/fwrd/internal/tui/app.go:753.2,753.48 1 0
github.com/pders01/fwrd/internal/tui/app.go:763.35,765.21 2 0
github.com/pders01/fwrd/internal/tui/app.go:766.23,767.25 1 0
github.com/pders01/fwrd/internal/tui/app.go:768.23,769.29 1 0
github.com/pders01/fwrd/internal/tui/app.go:770.23,771.25 1 0
github.com/pders01/fwrd/internal/tui/app.go:772.21,773.23 1 0
github.com/pders01/fwrd/internal/tui/app.go:774.10,775.22 1 0
github.com/pders01/fwrd/internal/tui/app.go:777.2,777.61 1 0
github.com/pders01/fwrd/internal/tui/app.go:780.41,784.2 2 0
github.com/pders01/fwrd/internal/tui/app.go:786.41,788.2 1 0
github.com/pders01/fwrd/internal/tui/branding.go:142.49,144.2 1 0
github.com/pders01/fwrd/internal/tui/branding.go:147.55,149.2 1 0
github.com/pders01/fwrd/internal/tui/branding.go:151.33,153.2 1 1
github.com/pders01/fwrd/internal/tui/branding.go:155.46,158.33 2 1
github.com/pders01/fwrd/internal/tui/branding.go:158.33,160.3 1 1
github.com/pders01/fwrd/internal/tui/branding.go:162.2,169.3 2 1
github.com/pders01/fwrd/internal/tui/branding.go:172.33,180.45 5 1
github.com/pders01/fwrd/internal/tui/branding.go:180.45,182.51 1 1
github.com/pders01/fwrd/internal/tui/branding.go:182.51,184.4 1 1
github.com/pders01/fwrd/internal/tui/branding.go:185.3,185.79 1 1
github.com/pders01/fwrd/internal/tui/branding.go:186.8,188.3 1 0
github.com/pders01/fwrd/internal/tui/branding.go:191.2,192.29 2 1
github.com/pders01/fwrd/internal/tui/branding.go:192.29,193.17 1 1
github.com/pders01/fwrd/internal/tui/branding.go:193.17,195.12 2 1
github.com/pders01/fwrd/internal/tui/branding.go:199.3,204.58 3 1
github.com/pders01/fwrd/internal/tui/branding.go:208.2,244.21 7 1
github.com/pders01/fwrd/internal/tui/commands.go:16.35,17.24 1 0
github.com/pders01/fwrd/internal/tui/commands.go:17.24,19.17 2 0
github.com/pders01/fwrd/internal/tui/commands.go:19.17,21.4 1 0
github.com/pders01/fwrd/internal/tui/commands.go:22.3,22.38 1 0
github.com/pders01/fwrd/internal/tui/commands.go:26.51,27.24 1 1
github.com/pders01/fwrd/internal/tui/commands.go:27.24,29.17 2 0
github.com/pders01/fwrd/internal/tui/commands.go:29.17,31.4 1 0
github.com/pders01/fwrd/internal/tui/commands.go:32.3,32.47 1 0
github.com/pders01/fwrd/internal/tui/commands.go:46.66,47.28 1 0
github.com/pders01/fwrd/internal/tui/commands.go:47.28,51.3 3 0
github.com/pders01/fwrd/internal/tui/commands.go:52.2,52.16 1 0
github.com/pders01/fwrd/internal/tui/commands.go:55.63,56.24 1 1
github.com/pders01/fwrd/internal/tui/commands.go:56.24,64.24 5 0
github.com/pders01/fwrd/internal/tui/commands.go:64.24,67.4 2 0
github.com/pders01/fwrd/internal/tui/commands.go:69.3,69.33 1 0
github.com/pders01/fwrd/internal/tui/commands.go:69.33,71.42 2 0
github.com/pders01/fwrd/internal/tui/commands.go:71.42,74.5 2 0
github.com/pders01/fwrd/internal/tui/commands.go:75.4,75.29 1 0
github.com/pders01/fwrd/internal/tui/commands.go:78.3,81.28 2 0
github.com/pders01/fwrd/internal/tui/commands.go:81.28,84.4 2 0
github.com/pders01/fwrd/internal/tui/commands.go:84.9,87.4 2 0
github.com/pders01/fwrd/internal/tui/commands.go:90.3,91.17 2 0
github.com/pders01/fwrd/internal/tui/commands.go:91.17,93.4 1 0
github.com/pders01/fwrd/internal/tui/commands.go:95.3,96.17 2 0
github.com/pders01/fwrd/internal/tui/commands.go:96.17,100.4 1 0
github.com/pders01/fwrd/internal/tui/commands.go:102.3,102.67 1 0
github.com/pders01/fwrd/internal/tui/commands.go:102.67,104.4 1 0
github.com/pders01/fwrd/internal/tui/commands.go:106.3,106.47 1 0
github.com/pders01/fwrd/internal/tui/commands.go:110.43,111.24 1 0
github.com/pders01/fwrd/internal/tui/commands.go:111.24,113.80 2 0
github.com/pders01/fwrd/internal/tui/commands.go:113.80,115.4 1 0
github.com/pders01/fwrd/internal/tui/commands.go:117.3,125.17 4 0
github.com/pders01/fwrd/internal/tui/commands.go:125.17,127.4 1 0
github.com/pders01/fwrd/internal/tui/commands.go:129.3,129.30 1 0
github.com/pders01/fwrd/internal/tui/commands.go:129.30,131.4 1 0
github.com/pders01/fwrd/internal/tui/commands.go:133.3,136.17 3 0
github.com/pders01/fwrd/internal/tui/commands.go:136.17,138.4 1 0
github.com/pders01/fwrd/internal/tui/commands.go:140.3,141.17 2 0
github.com/pders01/fwrd/internal/tui/commands.go:141.17,143.4 1 0
github.com/pders01/fwrd/internal/tui/commands.go:145.3,145.51 1 0
github.com/pders01/fwrd/internal/tui/commands.go:145.51,147.4 1 0
github.com/pders01/fwrd/internal/tui/commands.go:149.3,151.41 2 0
github.com/pders01/fwrd/internal/tui/commands.go:151.41,151.77 1 0
github.com/pders01/fwrd/internal/tui/commands.go:151.91,153.4 1 0
github.com/pders01/fwrd/internal/tui/commands.go:155.3,155.41 1 0
github.com/pders01/fwrd/internal/tui/commands.go:155.41,155.82 1 0
github.com/pders01/fwrd/internal/tui/commands.go:155.96,157.4 1 0
github.com/pders01/fwrd/internal/tui/commands.go:160.3,160.59 1 0
github.com/pders01/fwrd/internal/tui/commands.go:160.59,162.4 1 0
github.com/pders01/fwrd/internal/tui/commands.go:164.3,164.76 1 0
github.com/pders01/fwrd/internal/tui/commands.go:168.51,169.24 1 0
github.com/pders01/fwrd/internal/tui/commands.go:169.24,170.28 1 0
github.com/pders01/fwrd/internal/tui/commands.go:170.28,172.4 1 0
github.com/pders01/fwrd/internal/tui/commands.go:173.3,175.20 3 0
github.com/pders01/fwrd/internal/tui/commands.go:175.20,177.4 1 0
github.com/pders01/fwrd/internal/tui/commands.go:178.3,179.46 2 0
github.com/pders01/fwrd/internal/tui/commands.go:179.46,181.4 1 0
github.com/pders01/fwrd/internal/tui/commands.go:183.3,183.59 1 0
github.com/pders01/fwrd/internal/tui/commands.go:183.59,185.4 1 0
github.com/pders01/fwrd/internal/tui/commands.go:186.3,186.34 1 0
github.com/pders01/fwrd/internal/tui/commands.go:190.38,191.24 1 0
github.com/pders01/fwrd/internal/tui/commands.go:191.24,193.17 2 0
github.com/pders01/fwrd/internal/tui/commands.go:193.17,195.4 1 0
github.com/pders01/fwrd/internal/tui/commands.go:197.3,202.57 4 0
github.com/pders01/fwrd/internal/tui/commands.go:202.57,205.4 2 0
github.com/pders01/fwrd/internal/tui/commands.go:206.3,206.30 1 0
github.com/pders01/fwrd/internal/tui/commands.go:206.30,208.50 2 0
github.com/pders01/fwrd/internal/tui/commands.go:208.50,209.24 1 0
github.com/pders01/fwrd/internal/tui/commands.go:209.24,211.6 1 0
github.com/pders01/fwrd/internal/tui/commands.go:212.5,212.13 1 0
github.com/pders01/fwrd/internal/tui/commands.go:215.4,215.11 1 0
github.com/pders01/fwrd/internal/tui/commands.go:215.11,219.23 3 0
github.com/pders01/fwrd/internal/tui/commands.go:219.23,222.6 2 0
github.com/pders01/fwrd/internal/tui/commands.go:224.5,225.24 2 0
github.com/pders01/fwrd/internal/tui/commands.go:225.24,228.6 2 0
github.com/pders01/fwrd/internal/tui/commands.go:230.5,231.47 2 0
github.com/pders01/fwrd/internal/tui/commands.go:231.47,231.80 1 0
github.com/pders01/fwrd/internal/tui/commands.go:231.98,234.6 2 0
github.com/pders01/fwrd/internal/tui/commands.go:235.5,235.47 1 0
github.com/pders01/fwrd/internal/tui/commands.go:235.47,235.88 1 0
github.com/pders01/fwrd/internal/tui/commands.go:235.106,238.6 2 0
github.com/pders01/fwrd/internal/tui/commands.go:241.5,241.61 1 0
github.com/pders01/fwrd/internal/tui/commands.go:241.61,243.6 1 0
github.com/pders01/fwrd/internal/tui/commands.go:245.5,246.35 2 0
github.com/pders01/fwrd/internal/tui/commands.go:251.3,252.57 2 0
github.com/pders01/fwrd/internal/tui/commands.go:252.57,253.43 1 0
github.com/pders01/fwrd/internal/tui/commands.go:253.43,255.5 1 0
github.com/pders01/fwrd/internal/tui/commands.go:259.3,260.123 2 0
github.com/pders01/fwrd/internal/tui/commands.go:264.60,265.24 1 0
github.com/pders01/fwrd/internal/tui/commands.go:265.24,266.38 1 0
github.com/pders01/fwrd/internal/tui/commands.go:266.38,266.99 1 0
github.com/pders01/fwrd/internal/tui/commands.go:267.3,267.17 1 0
github.com/pders01/fwrd/internal/tui/commands.go:267.17,269.4 1 0
github.com/pders01/fwrd/internal/tui/commands.go:270.3,270.42 1 0
github.com/pders01/fwrd/internal/tui/commands.go:274.65,275.24 1 1
github.com/pders01/fwrd/internal/tui/commands.go:275.24,276.20 1 0
github.com/pders01/fwrd/internal/tui/commands.go:276.20,277.39 1 0
github.com/pders01/fwrd/internal/tui/commands.go:277.39,277.91 1 0
github.com/pders01/fwrd/internal/tui/commands.go:278.4,278.18 1 0
github.com/pders01/fwrd/internal/tui/commands.go:278.18,280.5 1 0
github.com/pders01/fwrd/internal/tui/commands.go:282.4,282.23 1 0
github.com/pders01/fwrd/internal/tui/commands.go:285.3,285.13 1 0
github.com/pders01/fwrd/internal/tui/commands.go:289.49,290.24 1 0
github.com/pders01/fwrd/internal/tui/commands.go:290.24,291.38 1 0
github.com/pders01/fwrd/internal/tui/commands.go:291.38,291.75 1 0
github.com/pders01/fwrd/internal/tui/commands.go:292.3,292.17 1 0
github.com/pders01/fwrd/internal/tui/commands.go:292.17,294.4 1 0
github.com/pders01/fwrd/internal/tui/commands.go:296.3,296.59 1 0
github.com/pders01/fwrd/internal/tui/commands.go:296.59,298.4 1 0
github.com/pders01/fwrd/internal/tui/commands.go:299.3,299.34 1 0
github.com/pders01/fwrd/internal/tui/commands.go:303.51,305.2 1 0
github.com/pders01/fwrd/internal/tui/commands.go:307.71,308.24 1 0
github.com/pders01/fwrd/internal/tui/commands.go:308.24,313.54 3 0
github.com/pders01/fwrd/internal/tui/commands.go:313.54,317.45 2 0
github.com/pders01/fwrd/internal/tui/commands.go:317.45,319.5 1 0
github.com/pders01/fwrd/internal/tui/commands.go:320.9,323.4 1 0
github.com/pders01/fwrd/internal/tui/commands.go:325.3,325.17 1 0
github.com/pders01/fwrd/internal/tui/commands.go:325.17,327.4 1 0
github.com/pders01/fwrd/internal/tui/commands.go:330.3,331.36 2 0
github.com/pders01/fwrd/internal/tui/commands.go:331.36,337.4 1 0
github.com/pders01/fwrd/internal/tui/commands.go:339.3,339.44 1 0
github.com/pders01/fwrd/internal/tui/commands.go:344.51,349.34 4 0
github.com/pders01/fwrd/internal/tui/commands.go:349.34,350.37 1 0
github.com/pders01/fwrd/internal/tui/commands.go:350.37,352.24 2 0
github.com/pders01/fwrd/internal/tui/commands.go:352.24,355.13 3 0
github.com/pders01/fwrd/internal/tui/commands.go:357.9,359.4 1 0
github.com/pders01/fwrd/internal/tui/commands.go:361.2,361.16 1 0
github.com/pders01/fwrd/internal/tui/commands.go:364.59,365.23 1 0
github.com/pders01/fwrd/internal/tui/commands.go:365.23,367.22 2 0
github.com/pders01/fwrd/internal/tui/commands.go:367.22,369.4 1 0
github.com/pders01/fwrd/internal/tui/commands.go:371.2,371.23 1 0
github.com/pders01/fwrd/internal/tui/components.go:9.61,13.20 4 0
github.com/pders01/fwrd/internal/tui/components.go:13.20,15.3 1 0
github.com/pders01/fwrd/internal/tui/components.go:16.2,16.53 1 0
github.com/pders01/fwrd/internal/tui/components.go:23.80,25.13 2 0
github.com/pders01/fwrd/internal/tui/components.go:25.13,27.3 1 0
github.com/pders01/fwrd/internal/tui/components.go:28.2,34.20 2 0
github.com/pders01/fwrd/internal/tui/components.go:40.63,46.2 1 0
github.com/pders01/fwrd/internal/tui/components.go:49.38,51.2 1 0
github.com/pders01/fwrd/internal/tui/components.go:54.37,56.2 1 0
github.com/pders01/fwrd/internal/tui/components.go:59.76,61.2 1 0
github.com/pders01/fwrd/internal/tui/components.go:64.57,66.2 1 0
github.com/pders01/fwrd/internal/tui/components.go:69.58,71.2 1 0
github.com/pders01/fwrd/internal/tui/components.go:74.53,76.2 1 0
github.com/pders01/fwrd/internal/tui/components.go:81.42,83.2 1 0
github.com/pders01/fwrd/internal/tui/components.go:86.40,88.32 2 0
github.com/pders01/fwrd/internal/tui/components.go:88.32,90.3 1 0
github.com/pders01/fwrd/internal/tui/components.go:91.2,91.19 1 0
github.com/pders01/fwrd/internal/tui/components.go:95.40,97.2 1 0
github.com/pders01/fwrd/internal/tui/components.go:100.44,102.2 1 0
github.com/pders01/fwrd/internal/tui/components.go:107.62,109.2 1 0
github.com/pders01/fwrd/internal/tui/components.go:112.59,114.2 1 0
github.com/pders01/fwrd/internal/tui/errors.go:6.47,7.16 1 0
github.com/pders01/fwrd/internal/tui/errors.go:7.16,9.3 1 0
github.com/pders01/fwrd/internal/tui/errors.go:10.2,10.43 1 0
github.com/pders01/fwrd/internal/tui/keyhandler.go:23.62,33.2 3 1
github.com/pders01/fwrd/internal/tui/keyhandler.go:35.70,38.28 2 1
github.com/pders01/fwrd/internal/tui/keyhandler.go:38.28,40.3 1 1
github.com/pders01/fwrd/internal/tui/keyhandler.go:42.2,42.62 1 1
github.com/pders01/fwrd/internal/tui/keyhandler.go:42.62,44.3 1 1
github.com/pders01/fwrd/internal/tui/keyhandler.go:46.2,46.32 1 1
github.com/pders01/fwrd/internal/tui/keyhandler.go:49.48,50.21 1 1
github.com/pders01/fwrd/internal/tui/keyhandler.go:51.19,52.36 1 1
github.com/pders01/fwrd/internal/tui/keyhandler.go:53.22,54.36 1 0
github.com/pders01/fwrd/internal/tui/keyhandler.go:55.18,56.38 1 1
github.com/pders01/fwrd/internal/tui/keyhandler.go:57.10,58.15 1 1
github.com/pders01/fwrd/internal/tui/keyhandler.go:62.80,65.13 2 1
github.com/pders01/fwrd/internal/tui/keyhandler.go:66.13,67.27 1 1
github.com/pders01/fwrd/internal/tui/keyhandler.go:68.16,69.26 1 0
github.com/pders01/fwrd/internal/tui/keyhandler.go:70.15,71.35 1 0
github.com/pders01/fwrd/internal/tui/keyhandler.go:72.21,74.32 1 0
github.com/pders01/fwrd/internal/tui/keyhandler.go:74.32,75.42 1 0
github.com/pders01/fwrd/internal/tui/keyhandler.go:75.42,79.5 2 0
github.com/pders01/fwrd/internal/tui/keyhandler.go:80.4,80.22 1 0
github.com/pders01/fwrd/internal/tui/keyhandler.go:83.3,83.37 1 0
github.com/pders01/fwrd/internal/tui/keyhandler.go:84.25,86.32 1 0
github.com/pders01/fwrd/internal/tui/keyhandler.go:86.32,89.4 1 0
github.com/pders01/fwrd/internal/tui/keyhandler.go:91.3,91.37 1 0
github.com/pders01/fwrd/internal/tui/keyhandler.go:92.10,94.37 1 0
github.com/pders01/fwrd/internal/tui/keyhandler.go:98.67,99.21 1 0
github.com/pders01/fwrd/internal/tui/keyhandler.go:100.19,102.18 2 0
github.com/pders01/fwrd/internal/tui/keyhandler.go:102.18,104.18 2 0
github.com/pders01/fwrd/internal/tui/keyhandler.go:104.18,105.35 1 0
github.com/pders01/fwrd/internal/tui/keyhandler.go:105.35,105.64 1 0
github.com/pders01/fwrd/internal/tui/keyhandler.go:107.4,108.48 2 0
github.com/pders01/fwrd/internal/tui/keyhandler.go:110.3,110.21 1 0
github.com/pders01/fwrd/internal/tui/keyhandler.go:112.22,114.18 2 0
github.com/pders01/fwrd/internal/tui/keyhandler.go:114.18,116.4 1 0
github.com/pders01/fwrd/internal/tui/keyhandler.go:117.3,118.42 2 0
github.com/pders01/fwrd/internal/tui/keyhandler.go:120.18,122.57 1 0
github.com/pders01/fwrd/internal/tui/keyhandler.go:122.57,123.48 1 0
github.com/pders01/fwrd/internal/tui/keyhandler.go:123.48,125.5 1 0
github.com/pders01/fwrd/internal/tui/keyhandler.go:127.3,127.21 1 0
github.com/pders01/fwrd/internal/tui/keyhandler.go:129.10,130.21 1 0
github.com/pders01/fwrd/internal/tui/keyhandler.go:135.80,136.21 1 0
github.com/pders01/fwrd/internal/tui/keyhandler.go:137.19,140.21 3 0
github.com/pders01/fwrd/internal/tui/keyhandler.go:142.22,145.21 3 0
github.com/pders01/fwrd/internal/tui/keyhandler.go:147.18,154.21 5 0
github.com/pders01/fwrd/internal/tui/keyhandler.go:154.21,159.73 5 0
github.com/pders01/fwrd/internal/tui/keyhandler.go:159.73,159.115 1 0
github.com/pders01/fwrd/internal/tui/keyhandler.go:161.3,161.21 1 0
github.com/pders01/fwrd/internal/tui/keyhandler.go:163.10,164.21 1 0
github.com/pders01/fwrd/internal/tui/keyhandler.go:169.79,171.13 1 1
github.com/pders01/fwrd/internal/tui/keyhandler.go:172.21,173.32 1 1
github.com/pders01/fwrd/internal/tui/keyhandler.go:174.13,176.26 2 1
github.com/pders01/fwrd/internal/tui/keyhandler.go:177.28,179.26 2 1
github.com/pders01/fwrd/internal/tui/keyhandler.go:183.2,183.21 1 1
github.com/pders01/fwrd/internal/tui/keyhandler.go:184.17,185.39 1 1
github.com/pders01/fwrd/internal/tui/keyhandler.go:186.20,187.42 1 1
github.com/pders01/fwrd/internal/tui/keyhandler.go:188.18,189.40 1 1
github.com/pders01/fwrd/internal/tui/keyhandler.go:190.25,191.41 1 0
github.com/pders01/fwrd/internal/tui/keyhandler.go:192.17,193.39 1 0
github.com/pders01/fwrd/internal/tui/keyhandler.go:194.10,195.28 1 1
github.com/pders01/fwrd/internal/tui/keyhandler.go:200.84,201.13 1 1
github.com/pders01/fwrd/internal/tui/keyhandler.go:202.28,206.27 4 1
github.com/pders01/fwrd/internal/tui/keyhandler.go:207.28,208.28 1 0
github.com/pders01/fwrd/internal/tui/keyhandler.go:208.28,209.62 1 0
github.com/pders01/fwrd/internal/tui/keyhandler.go:209.62,215.5 5 0
github.com/pders01/fwrd/internal/tui/keyhandler.go:217.28,218.28 1 1
github.com/pders01/fwrd/internal/tui/keyhandler.go:218.28,219.62 1 1
github.com/pders01/fwrd/internal/tui/keyhandler.go:219.62,223.5 3 1
github.com/pders01/fwrd/internal/tui/keyhandler.go:225.28,227.92 2 0
github.com/pders01/fwrd/internal/tui/keyhandler.go:229.2,229.27 1 1
github.com/pders01/fwrd/internal/tui/keyhandler.go:233.87,234.13 1 1
github.com/pders01/fwrd/internal/tui/keyhandler.go:235.28,236.67 1 0
github.com/pders01/fwrd/internal/tui/keyhandler.go:236.67,237.27 1 0
github.com/pders01/fwrd/internal/tui/keyhandler.go:237.27,239.5 1 0
github.com/pders01/fwrd/internal/tui/keyhandler.go:241.3,241.27 1 0
github.com/pders01/fwrd/internal/tui/keyhandler.go:242.28,243.67 1 0
github.com/pders01/fwrd/internal/tui/keyhandler.go:243.67,245.4 1 0
github.com/pders01/fwrd/internal/tui/keyhandler.go:247.2,247.27 1 1
github.com/pders01/fwrd/internal/tui/keyhandler.go:251.85,252.31 1 1
github.com/pders01/fwrd/internal/tui/keyhandler.go:252.31,253.35 1 1
github.com/pders01/fwrd/internal/tui/keyhandler.go:253.35,255.48 1 1
github.com/pders01/fwrd/internal/tui/keyhandler.go:255.48,258.5 2 1
github.com/pders01/fwrd/internal/tui/keyhandler.go:261.4,262.49 2 0
github.com/pders01/fwrd/internal/tui/keyhandler.go:262.49,264.5 1 0
github.com/pders01/fwrd/internal/tui/keyhandler.go:264.10,264.46 1 0
github.com/pders01/fwrd/internal/tui/keyhandler.go:264.46,266.5 1 0
github.com/pders01/fwrd/internal/tui/keyhandler.go:268.4,268.17 1 0
github.com/pders01/fwrd/internal/tui/keyhandler.go:268.17,270.5 1 0
github.com/pders01/fwrd/internal/tui/keyhandler.go:272.3,272.27 1 0
github.com/pders01/fwrd/internal/tui/keyhandler.go:274.2,274.27 1 0
github.com/pders01/fwrd/internal/tui/keyhandler.go:278.76,281.21 2 1
github.com/pders01/fwrd/internal/tui/keyhandler.go:282.17,286.30 2 1
github.com/pders01/fwrd/internal/tui/keyhandler.go:286.30,287.62 1 1
github.com/pders01/fwrd/internal/tui/keyhandler.go:287.62,291.5 3 1
github.com/pders01/fwrd/internal/tui/keyhandler.go:293.3,293.21 1 1
github.com/pders01/fwrd/internal/tui/keyhandler.go:295.20,298.30 2 1
github.com/pders01/fwrd/internal/tui/keyhandler.go:298.30,299.68 1 1
github.com/pders01/fwrd/internal/tui/keyhandler.go:299.68,309.5 8 1
github.com/pders01/fwrd/internal/tui/keyhandler.go:311.3,311.21 1 1
github.com/pders01/fwrd/internal/tui/keyhandler.go:313.18,315.36 1 1
github.com/pders01/fwrd/internal/tui/keyhandler.go:315.36,316.24 1 1
github.com/pders01/fwrd/internal/tui/keyhandler.go:317.28,320.23 2 0
github.com/pders01/fwrd/internal/tui/keyhandler.go:321.14,323.77 1 0
github.com/pders01/fwrd/internal/tui/keyhandler.go:323.77,326.6 2 0
github.com/pders01/fwrd/internal/tui/keyhandler.go:327.18,330.23 2 0
github.com/pders01/fwrd/internal/tui/keyhandler.go:334.3,336.63 2 1
github.com/pders01/fwrd/internal/tui/keyhandler.go:336.63,337.72 1 1
github.com/pders01/fwrd/internal/tui/keyhandler.go:337.72,339.5 1 1
github.com/pders01/fwrd/internal/tui/keyhandler.go:341.3,341.21 1 0
github.com/pders01/fwrd/internal/tui/keyhandler.go:343.18,346.21 2 0
github.com/pders01/fwrd/internal/tui/keyhandler.go:348.17,352.30 2 0
github.com/pders01/fwrd/internal/tui/keyhandler.go:352.30,353.64 1 0
github.com/pders01/fwrd/internal/tui/keyhandler.go:353.64,355.5 1 0
github.com/pders01/fwrd/internal/tui/keyhandler.go:357.3,357.21 1 0
github.com/pders01/fwrd/internal/tui/keyhandler.go:359.10,360.21 1 0
github.com/pders01/fwrd/internal/tui/keyhandler.go:365.84,366.13 1 0
github.com/pders01/fwrd/internal/tui/keyhandler.go:367.15,369.66 1 0
github.com/pders01/fwrd/internal/tui/keyhandler.go:369.66,371.4 1 0
github.com/pders01/fwrd/internal/tui/keyhandler.go:372.3,372.27 1 0
github.com/pders01/fwrd/internal/tui/keyhandler.go:373.28,375.66 1 0
github.com/pders01/fwrd/internal/tui/keyhandler.go:375.66,377.4 1 0
github.com/pders01/fwrd/internal/tui/keyhandler.go:378.3,378.27 1 0
github.com/pders01/fwrd/internal/tui/keyhandler.go:380.2,380.27 1 0
github.com/pders01/fwrd/internal/tui/keyhandler.go:383.86,384.20 1 0
github.com/pders01/fwrd/internal/tui/keyhandler.go:384.20,385.33 1 0
github.com/pders01/fwrd/internal/tui/keyhandler.go:385.33,388.4 2 0
github.com/pders01/fwrd/internal/tui/keyhandler.go:390.2,390.27 1 0
github.com/pders01/fwrd/internal/tui/keyhandler.go:394.88,395.22 1 1
github.com/pders01/fwrd/internal/tui/keyhandler.go:395.22,397.28 1 1
github.com/pders01/fwrd/internal/tui/keyhandler.go:397.28,399.4 1 0
github.com/pders01/fwrd/internal/tui/keyhandler.go:400.3,409.91 9 1
github.com/pders01/fwrd/internal/tui/keyhandler.go:413.2,413.24 1 0
github.com/pders01/fwrd/internal/tui/keyhandler.go:413.24,415.3 1 0
github.com/pders01/fwrd/internal/tui/keyhandler.go:416.2,419.52 4 0
github.com/pders01/fwrd/internal/tui/keyhandler.go:423.59,424.21 1 1
github.com/pders01/fwrd/internal/tui/keyhandler.go:425.54,429.21 4 1
github.com/pders01/fwrd/internal/tui/keyhandler.go:431.18,436.21 5 1
github.com/pders01/fwrd/internal/tui/keyhandler.go:438.17,442.21 4 1
github.com/pders01/fwrd/internal/tui/keyhandler.go:444.20,446.21 2 1
github.com/pders01/fwrd/internal/tui/keyhandler.go:448.18,449.28 1 1
github.com/pders01/fwrd/internal/tui/keyhandler.go:449.28,455.4 4 0
github.com/pders01/fwrd/internal/tui/keyhandler.go:456.3,457.21 2 1
github.com/pders01/fwrd/internal/tui/keyhandler.go:459.10,460.26 1 0
github.com/pders01/fwrd/internal/tui/keyhandler.go:465.62,474.61 8 1
github.com/pders01/fwrd/internal/tui/keyhandler.go:474.61,475.42 1 1
github.com/pders01/fwrd/internal/tui/keyhandler.go:475.42,478.4 2 1
github.com/pders01/fwrd/internal/tui/keyhandler.go:480.2,481.20 2 0
github.com/pders01/fwrd/internal/tui/keyhandler.go:485.64,489.22 2 0
github.com/pders01/fwrd/internal/tui/keyhandler.go:489.22,491.3 1 0
github.com/pders01/fwrd/internal/tui/keyhandler.go:494.2,499.36 4 0
github.com/pders01/fwrd/internal/tui/keyhandler.go:499.36,501.3 1 0
github.com/pders01/fwrd/internal/tui/keyhandler.go:503.2,503.33 1 0
github.com/pders01/fwrd/internal/tui/keyhandler.go:507.60,508.79 1 1
github.com/pders01/fwrd/internal/tui/keyhandler.go:508.79,510.3 1 0
github.com/pders01/fwrd/internal/tui/keyhandler.go:513.2,516.54 3 1
github.com/pders01/fwrd/internal/tui/keyhandler.go:516.54,518.22 2 1
github.com/pders01/fwrd/internal/tui/keyhandler.go:518.22,520.4 1 1
github.com/pders01/fwrd/internal/tui/keyhandler.go:521.3,526.4 1 1
github.com/pders01/fwrd/internal/tui/keyhandler.go:529.2,536.71 6 1
github.com/pders01/fwrd/internal/tui/keyhandler.go:536.71,539.29 2 1
github.com/pders01/fwrd/internal/tui/keyhandler.go:539.29,541.4 1 0
github.com/pders01/fwrd/internal/tui/keyhandler.go:542.3,542.58 1 1
github.com/pders01/fwrd/internal/tui/keyhandler.go:544.2,546.20 2 1
github.com/pders01/fwrd/internal/tui/keyhandler.go:549.51,550.24 1 0
github.com/pders01/fwrd/internal/tui/keyhandler.go:550.24,551.51 1 0
github.com/pders01/fwrd/internal/tui/keyhandler.go:551.51,553.4 1 0
github.com/pders01/fwrd/internal/tui/keyhandler.go:554.3,554.13 1 0
github.com/pders01/fwrd/internal/tui/keyhandler.go:559.56,560.21 1 0
github.com/pders01/fwrd/internal/tui/keyhandler.go:561.17,563.28 2 0
github.com/pders01/fwrd/internal/tui/keyhandler.go:563.28,565.4 1 0
github.com/pders01/fwrd/internal/tui/keyhandler.go:566.3,566.14 1 0
github.com/pders01/fwrd/internal/tui/keyhandler.go:568.20,569.111 1 0
github.com/pders01/fwrd/internal/tui/keyhandler.go:571.18,572.82 1 0
github.com/pders01/fwrd/internal/tui/keyhandler.go:574.18,577.62 2 0
github.com/pders01/fwrd/internal/tui/keyhandler.go:579.17,580.74 1 0
github.com/pders01/fwrd/internal/tui/keyhandler.go:582.19,583.47 1 0
github.com/pders01/fwrd/internal/tui/keyhandler.go:585.22,586.50 1 0
github.com/pders01/fwrd/internal/tui/keyhandler.go:588.25,589.51 1 0
github.com/pders01/fwrd/internal/tui/keyhandler.go:591.10,592.20 1 0
github.com/pders01/fwrd/internal/tui/status.go:20.51,22.2 1 0
github.com/pders01/fwrd/internal/tui/status.go:24.36,25.12 1 0
github.com/pders01/fwrd/internal/tui/status.go:25.12,27.3 1 0
github.com/pders01/fwrd/internal/tui/status.go:28.2,28.37 1 0
github.com/pders01/fwrd/internal/tui/status.go:31.82,33.16 2 0
github.com/pders01/fwrd/internal/tui/status.go:33.16,35.3 1 0
github.com/pders01/fwrd/internal/tui/status.go:36.2,36.19 1 0
github.com/pders01/fwrd/internal/tui/status.go:36.19,38.3 1 0
github.com/pders01/fwrd/internal/tui/status.go:39.2,39.13 1 0
github.com/pders01/fwrd/internal/tui/textutil.go:5.46,6.16 1 0
github.com/pders01/fwrd/internal/tui/textutil.go:6.16,8.3 1 0
github.com/pders01/fwrd/internal/tui/textutil.go:10.2,11.21 2 0
github.com/pders01/fwrd/internal/tui/textutil.go:11.21,13.3 1 0
github.com/pders01/fwrd/internal/tui/textutil.go:14.2,14.16 1 0
github.com/pders01/fwrd/internal/tui/textutil.go:14.16,16.3 1 0
github.com/pders01/fwrd/internal/tui/textutil.go:17.2,17.36 1 0
github.com/pders01/fwrd/internal/tui/textutil.go:23.49,24.16 1 0
github.com/pders01/fwrd/internal/tui/textutil.go:24.16,26.3 1 0
github.com/pders01/fwrd/internal/tui/textutil.go:27.2,29.16 3 0
github.com/pders01/fwrd/internal/tui/textutil.go:29.16,31.3 1 0
github.com/pders01/fwrd/internal/tui/textutil.go:32.2,32.16 1 0
github.com/pders01/fwrd/internal/tui/textutil.go:32.16,34.3 1 0
github.com/pders01/fwrd/internal/tui/textutil.go:36.2,39.15 4 0
github.com/pders01/fwrd/internal/tui/textutil.go:39.15,41.3 1 0
github.com/pders01/fwrd/internal/tui/textutil.go:42.2,42.16 1 0
github.com/pders01/fwrd/internal/tui/textutil.go:42.16,44.3 1 0
github.com/pders01/fwrd/internal/tui/textutil.go:45.2,45.55 1 0
github.com/pders01/fwrd/internal/feed/fetcher.go:19.46,28.2 1 1
github.com/pders01/fwrd/internal/feed/fetcher.go:31.47,33.2 1 1
github.com/pders01/fwrd/internal/feed/fetcher.go:35.75,37.16 2 1
github.com/pders01/fwrd/internal/feed/fetcher.go:37.16,39.3 1 0
github.com/pders01/fwrd/internal/feed/fetcher.go:41.2,45.20 3 1
github.com/pders01/fwrd/internal/feed/fetcher.go:45.20,46.22 1 1
github.com/pders01/fwrd/internal/feed/fetcher.go:46.22,48.4 1 1
github.com/pders01/fwrd/internal/feed/fetcher.go:50.3,50.30 1 1
github.com/pders01/fwrd/internal/feed/fetcher.go:50.30,52.4 1 1
github.com/pders01/fwrd/internal/feed/fetcher.go:55.2,56.16 2 1
github.com/pders01/fwrd/internal/feed/fetcher.go:56.16,58.3 1 1
github.com/pders01/fwrd/internal/feed/fetcher.go:60.2,60.47 1 1
github.com/pders01/fwrd/internal/feed/fetcher.go:60.47,63.3 2 1
github.com/pders01/fwrd/internal/feed/fetcher.go:65.2,65.28 1 1
github.com/pders01/fwrd/internal/feed/fetcher.go:65.28,68.3 2 1
github.com/pders01/fwrd/internal/feed/fetcher.go:70.2,70.24 1 1
github.com/pders01/fwrd/internal/feed/fetcher.go:73.79,74.49 1 1
github.com/pders01/fwrd/internal/feed/fetcher.go:74.49,76.3 1 1
github.com/pders01/fwrd/internal/feed/fetcher.go:78.2,78.64 1 1
github.com/pders01/fwrd/internal/feed/fetcher.go:78.64,80.3 1 1
github.com/pders01/fwrd/internal/feed/fetcher.go:82.2,82.31 1 1
github.com/pders01/fwrd/internal/feed/fetcher.go:85.68,86.68 1 1
github.com/pders01/fwrd/internal/feed/fetcher.go:86.68,87.71 1 1
github.com/pders01/fwrd/internal/feed/fetcher.go:87.71,89.4 1 1
github.com/pders01/fwrd/internal/feed/fetcher.go:91.2,91.35 1 1
github.com/pders01/fwrd/internal/feed/manager.go:25.68,35.2 2 1
github.com/pders01/fwrd/internal/feed/manager.go:38.47,39.22 1 1
github.com/pders01/fwrd/internal/feed/manager.go:39.22,41.3 1 1
github.com/pders01/fwrd/internal/feed/manager.go:45.60,46.16 1 1
github.com/pders01/fwrd/internal/feed/manager.go:46.16,48.3 1 1
github.com/pders01/fwrd/internal/feed/manager.go:48.8,50.3 1 1
github.com/pders01/fwrd/internal/feed/manager.go:53.62,59.16 4 1
github.com/pders01/fwrd/internal/feed/manager.go:59.16,61.3 1 1
github.com/pders01/fwrd/internal/feed/manager.go:63.2,72.16 4 1
github.com/pders01/fwrd/internal/feed/manager.go:72.16,74.3 1 1
github.com/pders01/fwrd/internal/feed/manager.go:76.2,76.29 1 1
github.com/pders01/fwrd/internal/feed/manager.go:76.29,78.3 1 0
github.com/pders01/fwrd/internal/feed/manager.go:80.2,80.17 1 1
github.com/pders01/fwrd/internal/feed/manager.go:80.17,82.3 1 0
github.com/pders01/fwrd/internal/feed/manager.go:84.2,87.16 3 1
github.com/pders01/fwrd/internal/feed/manager.go:87.16,89.3 1 0
github.com/pders01/fwrd/internal/feed/manager.go:91.2,92.16 2 1
github.com/pders01/fwrd/internal/feed/manager.go:92.16,94.3 1 0
github.com/pders01/fwrd/internal/feed/manager.go:96.2,96.23 1 1
github.com/pders01/fwrd/internal/feed/manager.go:96.23,98.3 1 1
github.com/pders01/fwrd/internal/feed/manager.go:100.2,102.47 2 1
github.com/pders01/fwrd/internal/feed/manager.go:102.47,104.3 1 0
github.com/pders01/fwrd/internal/feed/manager.go:106.2,106.55 1 1
github.com/pders01/fwrd/internal/feed/manager.go:106.55,108.3 1 0
github.com/pders01/fwrd/internal/feed/manager.go:110.2,110.18 1 1
github.com/pders01/fwrd/internal/feed/manager.go:113.52,118.16 4 1
github.com/pders01/fwrd/internal/feed/manager.go:118.16,120.3 1 1
github.com/pders01/fwrd/internal/feed/manager.go:122.2,122.66 1 1
github.com/pders01/fwrd/internal/feed/manager.go:122.66,124.3 1 1
github.com/pders01/fwrd/internal/feed/manager.go:126.2,127.16 2 1
github.com/pders01/fwrd/internal/feed/manager.go:127.16,129.3 1 1
github.com/pders01/fwrd/internal/feed/manager.go:131.2,131.29 1 1
github.com/pders01/fwrd/internal/feed/manager.go:131.29,133.56 2 0
github.com/pders01/fwrd/internal/feed/manager.go:133.56,135.4 1 0
github.com/pders01/fwrd/internal/feed/manager.go:136.3,136.13 1 0
github.com/pders01/fwrd/internal/feed/manager.go:139.2,142.16 3 1
github.com/pders01/fwrd/internal/feed/manager.go:142.16,144.3 1 0
github.com/pders01/fwrd/internal/feed/manager.go:146.2,147.16 2 1
github.com/pders01/fwrd/internal/feed/manager.go:147.16,149.3 1 0
github.com/pders01/fwrd/internal/feed/manager.go:151.2,154.47 3 1
github.com/pders01/fwrd/internal/feed/manager.go:154.47,156.3 1 0
github.com/pders01/fwrd/internal/feed/manager.go:158.2,158.55 1 1
github.com/pders01/fwrd/internal/feed/manager.go:158.55,160.3 1 0
github.com/pders01/fwrd/internal/feed/manager.go:162.2,162.12 1 1
github.com/pders01/fwrd/internal/feed/manager.go:165.43,167.16 2 1
github.com/pders01/fwrd/internal/feed/manager.go:167.16,169.3 1 0
github.com/pders01/fwrd/internal/feed/manager.go:171.2,171.21 1 1
github.com/pders01/fwrd/internal/feed/manager.go:171.21,173.3 1 1
github.com/pders01/fwrd/internal/feed/manager.go:176.2,182.62 5 1
github.com/pders01/fwrd/internal/feed/manager.go:182.62,184.13 2 1
github.com/pders01/fwrd/internal/feed/manager.go:184.13,186.31 2 1
github.com/pders01/fwrd/internal/feed/manager.go:186.31,187.64 1 1
github.com/pders01/fwrd/internal/feed/manager.go:187.64,189.6 1 1
github.com/pders01/fwrd/internal/feed/manager.go:195.2,195.29 1 1
github.com/pders01/fwrd/internal/feed/manager.go:195.29,197.3 1 1
github.com/pders01/fwrd/internal/feed/manager.go:198.2,206.27 5 1
github.com/pders01/fwrd/internal/feed/manager.go:206.27,208.3 1 1
github.com/pders01/fwrd/internal/feed/manager.go:210.2,210.19 1 1
github.com/pders01/fwrd/internal/feed/manager.go:210.19,212.3 1 1
github.com/pders01/fwrd/internal/feed/manager.go:214.2,214.12 1 0
github.com/pders01/fwrd/internal/feed/manager.go:217.40,219.2 1 1
github.com/pders01/fwrd/internal/feed/manager.go:221.71,222.48 1 1
github.com/pders01/fwrd/internal/feed/manager.go:222.48,224.22 2 1
github.com/pders01/fwrd/internal/feed/manager.go:224.22,226.4 1 1
github.com/pders01/fwrd/internal/feed/manager.go:228.2,228.23 1 1
github.com/pders01/fwrd/internal/feed/parser.go:17.26,21.2 1 1
github.com/pders01/fwrd/internal/feed/parser.go:23.85,25.16 2 1
github.com/pders01/fwrd/internal/feed/parser.go:25.16,27.3 1 1
github.com/pders01/fwrd/internal/feed/parser.go:29.2,30.34 2 1
github.com/pders01/fwrd/internal/feed/parser.go:30.34,41.34 2 1
github.com/pders01/fwrd/internal/feed/parser.go:41.34,43.4 1 1
github.com/pders01/fwrd/internal/feed/parser.go:45.3,45.32 1 1
github.com/pders01/fwrd/internal/feed/parser.go:45.32,47.4 1 1
github.com/pders01/fwrd/internal/feed/parser.go:49.3,49.39 1 1
github.com/pders01/fwrd/internal/feed/parser.go:52.2,52.22 1 1
github.com/pders01/fwrd/internal/feed/parser.go:55.43,56.24 1 1
github.com/pders01/fwrd/internal/feed/parser.go:56.24,58.3 1 1
github.com/pders01/fwrd/internal/feed/parser.go:59.2,59.25 1 1
github.com/pders01/fwrd/internal/feed/parser.go:62.51,65.44 2 1
github.com/pders01/fwrd/internal/feed/parser.go:65.44,66.26 1 1
github.com/pders01/fwrd/internal/feed/parser.go:66.26,68.4 1 1
github.com/pders01/fwrd/internal/feed/parser.go:71.2,71.47 1 1
github.com/pders01/fwrd/internal/feed/parser.go:71.47,73.3 1 1
github.com/pders01/fwrd/internal/feed/parser.go:75.2,78.28 3 1
github.com/pders01/fwrd/internal/feed/parser.go:81.44,85.65 3 1
github.com/pders01/fwrd/internal/feed/parser.go:85.65,86.21 1 1
github.com/pders01/fwrd/internal/feed/parser.go:86.21,88.4 1 1
github.com/pders01/fwrd/internal/feed/parser.go:91.2,92.67 2 1
github.com/pders01/fwrd/internal/feed/parser.go:92.67,93.21 1 1
github.com/pders01/fwrd/internal/feed/parser.go:93.21,95.4 1 1
github.com/pders01/fwrd/internal/feed/parser.go:98.2,98.13 1 1
github.com/pders01/fwrd/internal/feed/parser.go:101.45,102.16 1 1
github.com/pders01/fwrd/internal/feed/parser.go:102.16,104.3 1 1
github.com/pders01/fwrd/internal/feed/parser.go:105.2,105.60 1 1
github.com/pders01/fwrd/internal/feed/parser.go:108.44,111.25 3 1
github.com/pders01/fwrd/internal/feed/parser.go:111.25,112.15 1 1
github.com/pders01/fwrd/internal/feed/parser.go:112.15,115.4 2 1
github.com/pders01/fwrd/internal/feed/parser.go:117.2,117.15 1 1
